2022-02-26 21:02:35.307  INFO 44448 --- [restartedMain] com.yep.server.TimRemakeApplication      : Starting TimRemakeApplication on XiaoHuangYa with PID 44448 (G:\workspace\workspace_myIdea\TimChatRemake\TimChatRemake-server\target\classes started by 28459 in G:\workspace\workspace_myIdea\TimChatRemake)
2022-02-26 21:02:35.317  INFO 44448 --- [restartedMain] com.yep.server.TimRemakeApplication      : No active profile set, falling back to default profiles: default
2022-02-26 21:02:35.383  INFO 44448 --- [restartedMain] .e.DevToolsPropertyDefaultsPostProcessor : Devtools property defaults active! Set 'spring.devtools.add-properties' to 'false' to disable
2022-02-26 21:02:35.384  INFO 44448 --- [restartedMain] .e.DevToolsPropertyDefaultsPostProcessor : For additional web related logging consider setting the 'logging.level.web' property to 'DEBUG'
2022-02-26 21:02:36.447  INFO 44448 --- [restartedMain] o.s.b.w.embedded.tomcat.TomcatWebServer  : Tomcat initialized with port(s): 8082 (http)
2022-02-26 21:02:36.454  INFO 44448 --- [restartedMain] o.apache.catalina.core.StandardService   : Starting service [Tomcat]
2022-02-26 21:02:36.454  INFO 44448 --- [restartedMain] org.apache.catalina.core.StandardEngine  : Starting Servlet engine: [Apache Tomcat/9.0.39]
2022-02-26 21:02:36.543  INFO 44448 --- [restartedMain] o.a.c.c.C.[Tomcat].[localhost].[/]       : Initializing Spring embedded WebApplicationContext
2022-02-26 21:02:36.543  INFO 44448 --- [restartedMain] w.s.c.ServletWebServerApplicationContext : Root WebApplicationContext: initialization completed in 1158 ms
2022-02-26 21:02:36.797  INFO 44448 --- [restartedMain] c.a.d.s.b.a.DruidDataSourceAutoConfigure : Init DruidDataSource
2022-02-26 21:02:36.918  INFO 44448 --- [restartedMain] com.alibaba.druid.pool.DruidDataSource   : {dataSource-1} inited
2022-02-26 21:02:37.096  WARN 44448 --- [restartedMain] c.b.m.core.injector.AbstractMethod       : [com.yep.server.mapper.GroupMsgContentMapper.insert] Has been loaded by XML or SqlProvider or Mybatis's Annotation, so ignoring this injection for [class com.baomidou.mybatisplus.core.injector.methods.Insert]
2022-02-26 21:02:39.176  INFO 44448 --- [restartedMain] o.s.s.concurrent.ThreadPoolTaskExecutor  : Initializing ExecutorService 'clientInboundChannelExecutor'
2022-02-26 21:02:39.179  INFO 44448 --- [restartedMain] o.s.s.concurrent.ThreadPoolTaskExecutor  : Initializing ExecutorService 'clientOutboundChannelExecutor'
2022-02-26 21:02:40.231  WARN 44448 --- [restartedMain] c.b.m.core.metadata.TableInfoHelper      : Can not find table primary key in Class: "com.yep.server.pojo.MailSendLog".
2022-02-26 21:02:40.232  WARN 44448 --- [restartedMain] c.b.m.core.injector.DefaultSqlInjector   : class com.yep.server.pojo.MailSendLog ,Not found @TableId annotation, Cannot use Mybatis-Plus 'xxById' Method.
2022-02-26 21:02:40.411  INFO 44448 --- [restartedMain] o.s.s.web.DefaultSecurityFilterChain     : Creating filter chain: Ant [pattern='/css/**'], []
2022-02-26 21:02:40.411  INFO 44448 --- [restartedMain] o.s.s.web.DefaultSecurityFilterChain     : Creating filter chain: Ant [pattern='/fonts/**'], []
2022-02-26 21:02:40.411  INFO 44448 --- [restartedMain] o.s.s.web.DefaultSecurityFilterChain     : Creating filter chain: Ant [pattern='/img/**'], []
2022-02-26 21:02:40.411  INFO 44448 --- [restartedMain] o.s.s.web.DefaultSecurityFilterChain     : Creating filter chain: Ant [pattern='/js/**'], []
2022-02-26 21:02:40.411  INFO 44448 --- [restartedMain] o.s.s.web.DefaultSecurityFilterChain     : Creating filter chain: Ant [pattern='/favicon.ico'], []
2022-02-26 21:02:40.411  INFO 44448 --- [restartedMain] o.s.s.web.DefaultSecurityFilterChain     : Creating filter chain: Ant [pattern='/index.html'], []
2022-02-26 21:02:40.411  INFO 44448 --- [restartedMain] o.s.s.web.DefaultSecurityFilterChain     : Creating filter chain: Ant [pattern='/admin/login'], []
2022-02-26 21:02:40.411  INFO 44448 --- [restartedMain] o.s.s.web.DefaultSecurityFilterChain     : Creating filter chain: Ant [pattern='/admin/mailVerifyCode'], []
2022-02-26 21:02:40.411  INFO 44448 --- [restartedMain] o.s.s.web.DefaultSecurityFilterChain     : Creating filter chain: Ant [pattern='/login'], []
2022-02-26 21:02:40.411  INFO 44448 --- [restartedMain] o.s.s.web.DefaultSecurityFilterChain     : Creating filter chain: Ant [pattern='/verifyCode'], []
2022-02-26 21:02:40.411  INFO 44448 --- [restartedMain] o.s.s.web.DefaultSecurityFilterChain     : Creating filter chain: Ant [pattern='/file'], []
2022-02-26 21:02:40.411  INFO 44448 --- [restartedMain] o.s.s.web.DefaultSecurityFilterChain     : Creating filter chain: Ant [pattern='/user/register'], []
2022-02-26 21:02:40.411  INFO 44448 --- [restartedMain] o.s.s.web.DefaultSecurityFilterChain     : Creating filter chain: Ant [pattern='/user/checkUsername'], []
2022-02-26 21:02:40.411  INFO 44448 --- [restartedMain] o.s.s.web.DefaultSecurityFilterChain     : Creating filter chain: Ant [pattern='/user/checkNickname'], []
2022-02-26 21:02:40.433  INFO 44448 --- [restartedMain] o.s.s.web.DefaultSecurityFilterChain     : Creating filter chain: Ant [pattern='/admin/**'], [org.springframework.security.web.context.request.async.WebAsyncManagerIntegrationFilter@5a2ed677, org.springframework.security.web.context.SecurityContextPersistenceFilter@62a35536, org.springframework.security.web.header.HeaderWriterFilter@2985814c, org.springframework.security.web.authentication.logout.LogoutFilter@4d40cf2d, com.yep.server.filter.VerificationCodeFilter@354d954d, org.springframework.security.web.authentication.UsernamePasswordAuthenticationFilter@53148ad0, org.springframework.security.web.savedrequest.RequestCacheAwareFilter@69227c27, org.springframework.security.web.servletapi.SecurityContextHolderAwareRequestFilter@252a481a, org.springframework.security.web.authentication.AnonymousAuthenticationFilter@2d9b95e8, org.springframework.security.web.session.SessionManagementFilter@752e64d, org.springframework.security.web.access.ExceptionTranslationFilter@512384c8, org.springframework.security.web.access.intercept.FilterSecurityInterceptor@4fd08db3]
2022-02-26 21:02:40.434  INFO 44448 --- [restartedMain] o.s.s.web.DefaultSecurityFilterChain     : Creating filter chain: any request, [org.springframework.security.web.context.request.async.WebAsyncManagerIntegrationFilter@3e411181, org.springframework.security.web.context.SecurityContextPersistenceFilter@768b9980, org.springframework.security.web.header.HeaderWriterFilter@29fa1ae8, org.springframework.security.web.authentication.logout.LogoutFilter@6021460a, com.yep.server.filter.VerificationCodeFilter@354d954d, org.springframework.security.web.authentication.UsernamePasswordAuthenticationFilter@3deb919e, org.springframework.security.web.savedrequest.RequestCacheAwareFilter@29417c50, org.springframework.security.web.servletapi.SecurityContextHolderAwareRequestFilter@50151eca, org.springframework.security.web.authentication.AnonymousAuthenticationFilter@386e87ee, org.springframework.security.web.session.SessionManagementFilter@11716654, org.springframework.security.web.access.ExceptionTranslationFilter@4f2206ff, org.springframework.security.web.access.intercept.FilterSecurityInterceptor@76e71493]
2022-02-26 21:02:40.448  INFO 44448 --- [restartedMain] o.s.s.c.ThreadPoolTaskScheduler          : Initializing ExecutorService 'messageBrokerTaskScheduler'
2022-02-26 21:02:40.474  INFO 44448 --- [restartedMain] o.s.s.concurrent.ThreadPoolTaskExecutor  : Initializing ExecutorService 'brokerChannelExecutor'
2022-02-26 21:02:40.729  INFO 44448 --- [restartedMain] o.s.b.d.a.OptionalLiveReloadServer       : LiveReload server is running on port 35729
2022-02-26 21:02:40.819  INFO 44448 --- [restartedMain] o.s.b.w.embedded.tomcat.TomcatWebServer  : Tomcat started on port(s): 8082 (http) with context path ''
2022-02-26 21:02:40.821  INFO 44448 --- [restartedMain] o.s.m.s.b.SimpleBrokerMessageHandler     : Starting...
2022-02-26 21:02:40.822  INFO 44448 --- [restartedMain] o.s.m.s.b.SimpleBrokerMessageHandler     : BrokerAvailabilityEvent[available=true, SimpleBrokerMessageHandler [DefaultSubscriptionRegistry[cache[0 destination(s)], registry[0 sessions]]]]
2022-02-26 21:02:40.822  INFO 44448 --- [restartedMain] o.s.m.s.b.SimpleBrokerMessageHandler     : Started.
2022-02-26 21:02:40.830  INFO 44448 --- [restartedMain] com.yep.server.TimRemakeApplication      : Started TimRemakeApplication in 5.904 seconds (JVM running for 8.264)
2022-02-26 21:03:40.479  INFO 44448 --- [MessageBroker-1] o.s.w.s.c.WebSocketMessageBrokerStats    : WebSocketSession[0 current WS(0)-HttpStream(0)-HttpPoll(0), 0 total, 0 closed abnormally (0 connect failure, 0 send limit, 0 transport error)], stompSubProtocol[processed CONNECT(0)-CONNECTED(0)-DISCONNECT(0)], stompBrokerRelay[null], inboundChannel[pool size = 0, active threads = 0, queued tasks = 0, completed tasks = 0], outboundChannel[pool size = 0, active threads = 0, queued tasks = 0, completed tasks = 0], sockJsScheduler[pool size = 1, active threads = 1, queued tasks = 0, completed tasks = 0]
2022-02-26 21:03:42.911  INFO 44448 --- [http-nio-8082-exec-1] o.a.c.c.C.[Tomcat].[localhost].[/]       : Initializing Spring DispatcherServlet 'dispatcherServlet'
2022-02-26 21:03:42.911  INFO 44448 --- [http-nio-8082-exec-1] o.s.web.servlet.DispatcherServlet        : Initializing Servlet 'dispatcherServlet'
2022-02-26 21:03:42.918  INFO 44448 --- [http-nio-8082-exec-1] o.s.web.servlet.DispatcherServlet        : Completed initialization in 7 ms
2022-02-26 21:03:42.943 DEBUG 44448 --- [http-nio-8082-exec-1] c.yep.server.controller.FileController   : 收到的文件是否为空：true
2022-02-26 21:03:42.955 ERROR 44448 --- [http-nio-8082-exec-1] o.a.c.c.C.[.[.[/].[dispatcherServlet]    : Servlet.service() for servlet [dispatcherServlet] in context with path [] threw exception [Request processing failed; nested exception is java.lang.NullPointerException] with root cause

java.lang.NullPointerException: null
	at com.yep.server.controller.FileController.uploadFile(FileController.java:42) ~[classes/:na]
	at sun.reflect.NativeMethodAccessorImpl.invoke0(Native Method) ~[na:1.8.0_131]
	at sun.reflect.NativeMethodAccessorImpl.invoke(NativeMethodAccessorImpl.java:62) ~[na:1.8.0_131]
	at sun.reflect.DelegatingMethodAccessorImpl.invoke(DelegatingMethodAccessorImpl.java:43) ~[na:1.8.0_131]
	at java.lang.reflect.Method.invoke(Method.java:498) ~[na:1.8.0_131]
	at org.springframework.web.method.support.InvocableHandlerMethod.doInvoke(InvocableHandlerMethod.java:190) ~[spring-web-5.2.10.RELEASE.jar:5.2.10.RELEASE]
	at org.springframework.web.method.support.InvocableHandlerMethod.invokeForRequest(InvocableHandlerMethod.java:138) ~[spring-web-5.2.10.RELEASE.jar:5.2.10.RELEASE]
	at org.springframework.web.servlet.mvc.method.annotation.ServletInvocableHandlerMethod.invokeAndHandle(ServletInvocableHandlerMethod.java:105) ~[spring-webmvc-5.2.10.RELEASE.jar:5.2.10.RELEASE]
	at org.springframework.web.servlet.mvc.method.annotation.RequestMappingHandlerAdapter.invokeHandlerMethod(RequestMappingHandlerAdapter.java:878) ~[spring-webmvc-5.2.10.RELEASE.jar:5.2.10.RELEASE]
	at org.springframework.web.servlet.mvc.method.annotation.RequestMappingHandlerAdapter.handleInternal(RequestMappingHandlerAdapter.java:792) ~[spring-webmvc-5.2.10.RELEASE.jar:5.2.10.RELEASE]
	at org.springframework.web.servlet.mvc.method.AbstractHandlerMethodAdapter.handle(AbstractHandlerMethodAdapter.java:87) ~[spring-webmvc-5.2.10.RELEASE.jar:5.2.10.RELEASE]
	at org.springframework.web.servlet.DispatcherServlet.doDispatch(DispatcherServlet.java:1040) ~[spring-webmvc-5.2.10.RELEASE.jar:5.2.10.RELEASE]
	at org.springframework.web.servlet.DispatcherServlet.doService(DispatcherServlet.java:943) ~[spring-webmvc-5.2.10.RELEASE.jar:5.2.10.RELEASE]
	at org.springframework.web.servlet.FrameworkServlet.processRequest(FrameworkServlet.java:1006) ~[spring-webmvc-5.2.10.RELEASE.jar:5.2.10.RELEASE]
	at org.springframework.web.servlet.FrameworkServlet.doPost(FrameworkServlet.java:909) ~[spring-webmvc-5.2.10.RELEASE.jar:5.2.10.RELEASE]
	at javax.servlet.http.HttpServlet.service(HttpServlet.java:652) ~[tomcat-embed-core-9.0.39.jar:4.0.FR]
	at org.springframework.web.servlet.FrameworkServlet.service(FrameworkServlet.java:883) ~[spring-webmvc-5.2.10.RELEASE.jar:5.2.10.RELEASE]
	at javax.servlet.http.HttpServlet.service(HttpServlet.java:733) ~[tomcat-embed-core-9.0.39.jar:4.0.FR]
	at org.apache.catalina.core.ApplicationFilterChain.internalDoFilter(ApplicationFilterChain.java:231) ~[tomcat-embed-core-9.0.39.jar:9.0.39]
	at org.apache.catalina.core.ApplicationFilterChain.doFilter(ApplicationFilterChain.java:166) ~[tomcat-embed-core-9.0.39.jar:9.0.39]
	at org.apache.tomcat.websocket.server.WsFilter.doFilter(WsFilter.java:53) ~[tomcat-embed-websocket-9.0.39.jar:9.0.39]
	at org.apache.catalina.core.ApplicationFilterChain.internalDoFilter(ApplicationFilterChain.java:193) ~[tomcat-embed-core-9.0.39.jar:9.0.39]
	at org.apache.catalina.core.ApplicationFilterChain.doFilter(ApplicationFilterChain.java:166) ~[tomcat-embed-core-9.0.39.jar:9.0.39]
	at com.yep.server.filter.VerificationCodeFilter.doFilter(VerificationCodeFilter.java:70) ~[classes/:na]
	at org.apache.catalina.core.ApplicationFilterChain.internalDoFilter(ApplicationFilterChain.java:193) ~[tomcat-embed-core-9.0.39.jar:9.0.39]
	at org.apache.catalina.core.ApplicationFilterChain.doFilter(ApplicationFilterChain.java:166) ~[tomcat-embed-core-9.0.39.jar:9.0.39]
	at com.alibaba.druid.support.http.WebStatFilter.doFilter(WebStatFilter.java:123) ~[druid-1.1.10.jar:1.1.10]
	at org.apache.catalina.core.ApplicationFilterChain.internalDoFilter(ApplicationFilterChain.java:193) ~[tomcat-embed-core-9.0.39.jar:9.0.39]
	at org.apache.catalina.core.ApplicationFilterChain.doFilter(ApplicationFilterChain.java:166) ~[tomcat-embed-core-9.0.39.jar:9.0.39]
	at org.springframework.security.web.FilterChainProxy.doFilterInternal(FilterChainProxy.java:209) ~[spring-security-web-5.3.5.RELEASE.jar:5.3.5.RELEASE]
	at org.springframework.security.web.FilterChainProxy.doFilter(FilterChainProxy.java:178) ~[spring-security-web-5.3.5.RELEASE.jar:5.3.5.RELEASE]
	at org.springframework.web.filter.DelegatingFilterProxy.invokeDelegate(DelegatingFilterProxy.java:358) ~[spring-web-5.2.10.RELEASE.jar:5.2.10.RELEASE]
	at org.springframework.web.filter.DelegatingFilterProxy.doFilter(DelegatingFilterProxy.java:271) ~[spring-web-5.2.10.RELEASE.jar:5.2.10.RELEASE]
	at org.apache.catalina.core.ApplicationFilterChain.internalDoFilter(ApplicationFilterChain.java:193) ~[tomcat-embed-core-9.0.39.jar:9.0.39]
	at org.apache.catalina.core.ApplicationFilterChain.doFilter(ApplicationFilterChain.java:166) ~[tomcat-embed-core-9.0.39.jar:9.0.39]
	at org.springframework.web.filter.RequestContextFilter.doFilterInternal(RequestContextFilter.java:100) ~[spring-web-5.2.10.RELEASE.jar:5.2.10.RELEASE]
	at org.springframework.web.filter.OncePerRequestFilter.doFilter(OncePerRequestFilter.java:119) ~[spring-web-5.2.10.RELEASE.jar:5.2.10.RELEASE]
	at org.apache.catalina.core.ApplicationFilterChain.internalDoFilter(ApplicationFilterChain.java:193) ~[tomcat-embed-core-9.0.39.jar:9.0.39]
	at org.apache.catalina.core.ApplicationFilterChain.doFilter(ApplicationFilterChain.java:166) ~[tomcat-embed-core-9.0.39.jar:9.0.39]
	at org.springframework.web.filter.FormContentFilter.doFilterInternal(FormContentFilter.java:93) ~[spring-web-5.2.10.RELEASE.jar:5.2.10.RELEASE]
	at org.springframework.web.filter.OncePerRequestFilter.doFilter(OncePerRequestFilter.java:119) ~[spring-web-5.2.10.RELEASE.jar:5.2.10.RELEASE]
	at org.apache.catalina.core.ApplicationFilterChain.internalDoFilter(ApplicationFilterChain.java:193) ~[tomcat-embed-core-9.0.39.jar:9.0.39]
	at org.apache.catalina.core.ApplicationFilterChain.doFilter(ApplicationFilterChain.java:166) ~[tomcat-embed-core-9.0.39.jar:9.0.39]
	at org.springframework.web.filter.CharacterEncodingFilter.doFilterInternal(CharacterEncodingFilter.java:201) ~[spring-web-5.2.10.RELEASE.jar:5.2.10.RELEASE]
	at org.springframework.web.filter.OncePerRequestFilter.doFilter(OncePerRequestFilter.java:119) ~[spring-web-5.2.10.RELEASE.jar:5.2.10.RELEASE]
	at org.apache.catalina.core.ApplicationFilterChain.internalDoFilter(ApplicationFilterChain.java:193) ~[tomcat-embed-core-9.0.39.jar:9.0.39]
	at org.apache.catalina.core.ApplicationFilterChain.doFilter(ApplicationFilterChain.java:166) ~[tomcat-embed-core-9.0.39.jar:9.0.39]
	at org.apache.catalina.core.StandardWrapperValve.invoke(StandardWrapperValve.java:202) ~[tomcat-embed-core-9.0.39.jar:9.0.39]
	at org.apache.catalina.core.StandardContextValve.invoke(StandardContextValve.java:97) [tomcat-embed-core-9.0.39.jar:9.0.39]
	at org.apache.catalina.authenticator.AuthenticatorBase.invoke(AuthenticatorBase.java:542) [tomcat-embed-core-9.0.39.jar:9.0.39]
	at org.apache.catalina.core.StandardHostValve.invoke(StandardHostValve.java:143) [tomcat-embed-core-9.0.39.jar:9.0.39]
	at org.apache.catalina.valves.ErrorReportValve.invoke(ErrorReportValve.java:92) [tomcat-embed-core-9.0.39.jar:9.0.39]
	at org.apache.catalina.core.StandardEngineValve.invoke(StandardEngineValve.java:78) [tomcat-embed-core-9.0.39.jar:9.0.39]
	at org.apache.catalina.connector.CoyoteAdapter.service(CoyoteAdapter.java:343) [tomcat-embed-core-9.0.39.jar:9.0.39]
	at org.apache.coyote.http11.Http11Processor.service(Http11Processor.java:374) [tomcat-embed-core-9.0.39.jar:9.0.39]
	at org.apache.coyote.AbstractProcessorLight.process(AbstractProcessorLight.java:65) [tomcat-embed-core-9.0.39.jar:9.0.39]
	at org.apache.coyote.AbstractProtocol$ConnectionHandler.process(AbstractProtocol.java:868) [tomcat-embed-core-9.0.39.jar:9.0.39]
	at org.apache.tomcat.util.net.NioEndpoint$SocketProcessor.doRun(NioEndpoint.java:1590) [tomcat-embed-core-9.0.39.jar:9.0.39]
	at org.apache.tomcat.util.net.SocketProcessorBase.run(SocketProcessorBase.java:49) [tomcat-embed-core-9.0.39.jar:9.0.39]
	at java.util.concurrent.ThreadPoolExecutor.runWorker(ThreadPoolExecutor.java:1142) [na:1.8.0_131]
	at java.util.concurrent.ThreadPoolExecutor$Worker.run(ThreadPoolExecutor.java:617) [na:1.8.0_131]
	at org.apache.tomcat.util.threads.TaskThread$WrappingRunnable.run(TaskThread.java:61) [tomcat-embed-core-9.0.39.jar:9.0.39]
	at java.lang.Thread.run(Thread.java:748) [na:1.8.0_131]

2022-02-26 21:03:57.842 DEBUG 44448 --- [http-nio-8082-exec-4] c.yep.server.controller.LoginController  : 生成的验证码为：Tmti
2022-02-26 21:04:19.095 DEBUG 44448 --- [http-nio-8082-exec-5] c.y.s.m.UserMapper.loadUserByUsername    : ==>  Preparing: select * from tim_remake.user where username = ?
2022-02-26 21:04:19.111 DEBUG 44448 --- [http-nio-8082-exec-5] c.y.s.m.UserMapper.loadUserByUsername    : ==> Parameters: admin(String)
2022-02-26 21:04:19.128 DEBUG 44448 --- [http-nio-8082-exec-5] c.y.s.m.UserMapper.loadUserByUsername    : <==      Total: 1
2022-02-26 21:04:19.129 DEBUG 44448 --- [http-nio-8082-exec-5] c.y.server.service.impl.UserServiceImpl  : 查到的用户数据为：User(id=23, username=admin, nickname=admin, password=$2a$10$Ed15paaaUNe7E2PoMSNu7.SVbodRyRtTRBol3mbjIhbN0qYnO1hWi, userProfile=https://ss0.bdstatic.com/70cFuHSh_Q1YnxGkpoWK1HF6hhy/it/u=1405813947,3985685597&fm=26&gp=0.jpg, userStateId=1, isEnabled=true, isLocked=false)
2022-02-26 21:04:19.196 DEBUG 44448 --- [http-nio-8082-exec-5] c.y.s.m.UserMapper.setUserStateToOn      : ==>  Preparing: update tim_remake.user set user_state_id=1 where id = ?
2022-02-26 21:04:19.198 DEBUG 44448 --- [http-nio-8082-exec-5] c.y.s.m.UserMapper.setUserStateToOn      : ==> Parameters: 23(Integer)
2022-02-26 21:04:19.203 DEBUG 44448 --- [http-nio-8082-exec-5] c.y.s.m.UserMapper.setUserStateToOn      : <==    Updates: 1
2022-02-26 21:04:25.261 DEBUG 44448 --- [http-nio-8082-exec-6] c.yep.server.controller.FileController   : 收到的文件是否为空：true
2022-02-26 21:04:25.262 ERROR 44448 --- [http-nio-8082-exec-6] o.a.c.c.C.[.[.[/].[dispatcherServlet]    : Servlet.service() for servlet [dispatcherServlet] in context with path [] threw exception [Request processing failed; nested exception is java.lang.NullPointerException] with root cause

java.lang.NullPointerException: null
	at com.yep.server.controller.FileController.uploadFile(FileController.java:42) ~[classes/:na]
	at sun.reflect.NativeMethodAccessorImpl.invoke0(Native Method) ~[na:1.8.0_131]
	at sun.reflect.NativeMethodAccessorImpl.invoke(NativeMethodAccessorImpl.java:62) ~[na:1.8.0_131]
	at sun.reflect.DelegatingMethodAccessorImpl.invoke(DelegatingMethodAccessorImpl.java:43) ~[na:1.8.0_131]
	at java.lang.reflect.Method.invoke(Method.java:498) ~[na:1.8.0_131]
	at org.springframework.web.method.support.InvocableHandlerMethod.doInvoke(InvocableHandlerMethod.java:190) ~[spring-web-5.2.10.RELEASE.jar:5.2.10.RELEASE]
	at org.springframework.web.method.support.InvocableHandlerMethod.invokeForRequest(InvocableHandlerMethod.java:138) ~[spring-web-5.2.10.RELEASE.jar:5.2.10.RELEASE]
	at org.springframework.web.servlet.mvc.method.annotation.ServletInvocableHandlerMethod.invokeAndHandle(ServletInvocableHandlerMethod.java:105) ~[spring-webmvc-5.2.10.RELEASE.jar:5.2.10.RELEASE]
	at org.springframework.web.servlet.mvc.method.annotation.RequestMappingHandlerAdapter.invokeHandlerMethod(RequestMappingHandlerAdapter.java:878) ~[spring-webmvc-5.2.10.RELEASE.jar:5.2.10.RELEASE]
	at org.springframework.web.servlet.mvc.method.annotation.RequestMappingHandlerAdapter.handleInternal(RequestMappingHandlerAdapter.java:792) ~[spring-webmvc-5.2.10.RELEASE.jar:5.2.10.RELEASE]
	at org.springframework.web.servlet.mvc.method.AbstractHandlerMethodAdapter.handle(AbstractHandlerMethodAdapter.java:87) ~[spring-webmvc-5.2.10.RELEASE.jar:5.2.10.RELEASE]
	at org.springframework.web.servlet.DispatcherServlet.doDispatch(DispatcherServlet.java:1040) ~[spring-webmvc-5.2.10.RELEASE.jar:5.2.10.RELEASE]
	at org.springframework.web.servlet.DispatcherServlet.doService(DispatcherServlet.java:943) ~[spring-webmvc-5.2.10.RELEASE.jar:5.2.10.RELEASE]
	at org.springframework.web.servlet.FrameworkServlet.processRequest(FrameworkServlet.java:1006) ~[spring-webmvc-5.2.10.RELEASE.jar:5.2.10.RELEASE]
	at org.springframework.web.servlet.FrameworkServlet.doPost(FrameworkServlet.java:909) ~[spring-webmvc-5.2.10.RELEASE.jar:5.2.10.RELEASE]
	at javax.servlet.http.HttpServlet.service(HttpServlet.java:652) ~[tomcat-embed-core-9.0.39.jar:4.0.FR]
	at org.springframework.web.servlet.FrameworkServlet.service(FrameworkServlet.java:883) ~[spring-webmvc-5.2.10.RELEASE.jar:5.2.10.RELEASE]
	at javax.servlet.http.HttpServlet.service(HttpServlet.java:733) ~[tomcat-embed-core-9.0.39.jar:4.0.FR]
	at org.apache.catalina.core.ApplicationFilterChain.internalDoFilter(ApplicationFilterChain.java:231) ~[tomcat-embed-core-9.0.39.jar:9.0.39]
	at org.apache.catalina.core.ApplicationFilterChain.doFilter(ApplicationFilterChain.java:166) ~[tomcat-embed-core-9.0.39.jar:9.0.39]
	at org.apache.tomcat.websocket.server.WsFilter.doFilter(WsFilter.java:53) ~[tomcat-embed-websocket-9.0.39.jar:9.0.39]
	at org.apache.catalina.core.ApplicationFilterChain.internalDoFilter(ApplicationFilterChain.java:193) ~[tomcat-embed-core-9.0.39.jar:9.0.39]
	at org.apache.catalina.core.ApplicationFilterChain.doFilter(ApplicationFilterChain.java:166) ~[tomcat-embed-core-9.0.39.jar:9.0.39]
	at com.yep.server.filter.VerificationCodeFilter.doFilter(VerificationCodeFilter.java:70) ~[classes/:na]
	at org.apache.catalina.core.ApplicationFilterChain.internalDoFilter(ApplicationFilterChain.java:193) ~[tomcat-embed-core-9.0.39.jar:9.0.39]
	at org.apache.catalina.core.ApplicationFilterChain.doFilter(ApplicationFilterChain.java:166) ~[tomcat-embed-core-9.0.39.jar:9.0.39]
	at com.alibaba.druid.support.http.WebStatFilter.doFilter(WebStatFilter.java:123) ~[druid-1.1.10.jar:1.1.10]
	at org.apache.catalina.core.ApplicationFilterChain.internalDoFilter(ApplicationFilterChain.java:193) ~[tomcat-embed-core-9.0.39.jar:9.0.39]
	at org.apache.catalina.core.ApplicationFilterChain.doFilter(ApplicationFilterChain.java:166) ~[tomcat-embed-core-9.0.39.jar:9.0.39]
	at org.springframework.security.web.FilterChainProxy.doFilterInternal(FilterChainProxy.java:209) ~[spring-security-web-5.3.5.RELEASE.jar:5.3.5.RELEASE]
	at org.springframework.security.web.FilterChainProxy.doFilter(FilterChainProxy.java:178) ~[spring-security-web-5.3.5.RELEASE.jar:5.3.5.RELEASE]
	at org.springframework.web.filter.DelegatingFilterProxy.invokeDelegate(DelegatingFilterProxy.java:358) ~[spring-web-5.2.10.RELEASE.jar:5.2.10.RELEASE]
	at org.springframework.web.filter.DelegatingFilterProxy.doFilter(DelegatingFilterProxy.java:271) ~[spring-web-5.2.10.RELEASE.jar:5.2.10.RELEASE]
	at org.apache.catalina.core.ApplicationFilterChain.internalDoFilter(ApplicationFilterChain.java:193) ~[tomcat-embed-core-9.0.39.jar:9.0.39]
	at org.apache.catalina.core.ApplicationFilterChain.doFilter(ApplicationFilterChain.java:166) ~[tomcat-embed-core-9.0.39.jar:9.0.39]
	at org.springframework.web.filter.RequestContextFilter.doFilterInternal(RequestContextFilter.java:100) ~[spring-web-5.2.10.RELEASE.jar:5.2.10.RELEASE]
	at org.springframework.web.filter.OncePerRequestFilter.doFilter(OncePerRequestFilter.java:119) ~[spring-web-5.2.10.RELEASE.jar:5.2.10.RELEASE]
	at org.apache.catalina.core.ApplicationFilterChain.internalDoFilter(ApplicationFilterChain.java:193) ~[tomcat-embed-core-9.0.39.jar:9.0.39]
	at org.apache.catalina.core.ApplicationFilterChain.doFilter(ApplicationFilterChain.java:166) ~[tomcat-embed-core-9.0.39.jar:9.0.39]
	at org.springframework.web.filter.FormContentFilter.doFilterInternal(FormContentFilter.java:93) ~[spring-web-5.2.10.RELEASE.jar:5.2.10.RELEASE]
	at org.springframework.web.filter.OncePerRequestFilter.doFilter(OncePerRequestFilter.java:119) ~[spring-web-5.2.10.RELEASE.jar:5.2.10.RELEASE]
	at org.apache.catalina.core.ApplicationFilterChain.internalDoFilter(ApplicationFilterChain.java:193) ~[tomcat-embed-core-9.0.39.jar:9.0.39]
	at org.apache.catalina.core.ApplicationFilterChain.doFilter(ApplicationFilterChain.java:166) ~[tomcat-embed-core-9.0.39.jar:9.0.39]
	at org.springframework.web.filter.CharacterEncodingFilter.doFilterInternal(CharacterEncodingFilter.java:201) ~[spring-web-5.2.10.RELEASE.jar:5.2.10.RELEASE]
	at org.springframework.web.filter.OncePerRequestFilter.doFilter(OncePerRequestFilter.java:119) ~[spring-web-5.2.10.RELEASE.jar:5.2.10.RELEASE]
	at org.apache.catalina.core.ApplicationFilterChain.internalDoFilter(ApplicationFilterChain.java:193) ~[tomcat-embed-core-9.0.39.jar:9.0.39]
	at org.apache.catalina.core.ApplicationFilterChain.doFilter(ApplicationFilterChain.java:166) ~[tomcat-embed-core-9.0.39.jar:9.0.39]
	at org.apache.catalina.core.StandardWrapperValve.invoke(StandardWrapperValve.java:202) ~[tomcat-embed-core-9.0.39.jar:9.0.39]
	at org.apache.catalina.core.StandardContextValve.invoke(StandardContextValve.java:97) [tomcat-embed-core-9.0.39.jar:9.0.39]
	at org.apache.catalina.authenticator.AuthenticatorBase.invoke(AuthenticatorBase.java:542) [tomcat-embed-core-9.0.39.jar:9.0.39]
	at org.apache.catalina.core.StandardHostValve.invoke(StandardHostValve.java:143) [tomcat-embed-core-9.0.39.jar:9.0.39]
	at org.apache.catalina.valves.ErrorReportValve.invoke(ErrorReportValve.java:92) [tomcat-embed-core-9.0.39.jar:9.0.39]
	at org.apache.catalina.core.StandardEngineValve.invoke(StandardEngineValve.java:78) [tomcat-embed-core-9.0.39.jar:9.0.39]
	at org.apache.catalina.connector.CoyoteAdapter.service(CoyoteAdapter.java:343) [tomcat-embed-core-9.0.39.jar:9.0.39]
	at org.apache.coyote.http11.Http11Processor.service(Http11Processor.java:374) [tomcat-embed-core-9.0.39.jar:9.0.39]
	at org.apache.coyote.AbstractProcessorLight.process(AbstractProcessorLight.java:65) [tomcat-embed-core-9.0.39.jar:9.0.39]
	at org.apache.coyote.AbstractProtocol$ConnectionHandler.process(AbstractProtocol.java:868) [tomcat-embed-core-9.0.39.jar:9.0.39]
	at org.apache.tomcat.util.net.NioEndpoint$SocketProcessor.doRun(NioEndpoint.java:1590) [tomcat-embed-core-9.0.39.jar:9.0.39]
	at org.apache.tomcat.util.net.SocketProcessorBase.run(SocketProcessorBase.java:49) [tomcat-embed-core-9.0.39.jar:9.0.39]
	at java.util.concurrent.ThreadPoolExecutor.runWorker(ThreadPoolExecutor.java:1142) [na:1.8.0_131]
	at java.util.concurrent.ThreadPoolExecutor$Worker.run(ThreadPoolExecutor.java:617) [na:1.8.0_131]
	at org.apache.tomcat.util.threads.TaskThread$WrappingRunnable.run(TaskThread.java:61) [tomcat-embed-core-9.0.39.jar:9.0.39]
	at java.lang.Thread.run(Thread.java:748) [na:1.8.0_131]

2022-02-26 21:05:10.011 DEBUG 44448 --- [http-nio-8082-exec-8] c.yep.server.controller.FileController   : 收到的文件是否为空：true
2022-02-26 21:05:10.012 ERROR 44448 --- [http-nio-8082-exec-8] o.a.c.c.C.[.[.[/].[dispatcherServlet]    : Servlet.service() for servlet [dispatcherServlet] in context with path [] threw exception [Request processing failed; nested exception is java.lang.NullPointerException] with root cause

java.lang.NullPointerException: null
	at com.yep.server.controller.FileController.uploadFile(FileController.java:42) ~[classes/:na]
	at sun.reflect.NativeMethodAccessorImpl.invoke0(Native Method) ~[na:1.8.0_131]
	at sun.reflect.NativeMethodAccessorImpl.invoke(NativeMethodAccessorImpl.java:62) ~[na:1.8.0_131]
	at sun.reflect.DelegatingMethodAccessorImpl.invoke(DelegatingMethodAccessorImpl.java:43) ~[na:1.8.0_131]
	at java.lang.reflect.Method.invoke(Method.java:498) ~[na:1.8.0_131]
	at org.springframework.web.method.support.InvocableHandlerMethod.doInvoke(InvocableHandlerMethod.java:190) ~[spring-web-5.2.10.RELEASE.jar:5.2.10.RELEASE]
	at org.springframework.web.method.support.InvocableHandlerMethod.invokeForRequest(InvocableHandlerMethod.java:138) ~[spring-web-5.2.10.RELEASE.jar:5.2.10.RELEASE]
	at org.springframework.web.servlet.mvc.method.annotation.ServletInvocableHandlerMethod.invokeAndHandle(ServletInvocableHandlerMethod.java:105) ~[spring-webmvc-5.2.10.RELEASE.jar:5.2.10.RELEASE]
	at org.springframework.web.servlet.mvc.method.annotation.RequestMappingHandlerAdapter.invokeHandlerMethod(RequestMappingHandlerAdapter.java:878) ~[spring-webmvc-5.2.10.RELEASE.jar:5.2.10.RELEASE]
	at org.springframework.web.servlet.mvc.method.annotation.RequestMappingHandlerAdapter.handleInternal(RequestMappingHandlerAdapter.java:792) ~[spring-webmvc-5.2.10.RELEASE.jar:5.2.10.RELEASE]
	at org.springframework.web.servlet.mvc.method.AbstractHandlerMethodAdapter.handle(AbstractHandlerMethodAdapter.java:87) ~[spring-webmvc-5.2.10.RELEASE.jar:5.2.10.RELEASE]
	at org.springframework.web.servlet.DispatcherServlet.doDispatch(DispatcherServlet.java:1040) ~[spring-webmvc-5.2.10.RELEASE.jar:5.2.10.RELEASE]
	at org.springframework.web.servlet.DispatcherServlet.doService(DispatcherServlet.java:943) ~[spring-webmvc-5.2.10.RELEASE.jar:5.2.10.RELEASE]
	at org.springframework.web.servlet.FrameworkServlet.processRequest(FrameworkServlet.java:1006) ~[spring-webmvc-5.2.10.RELEASE.jar:5.2.10.RELEASE]
	at org.springframework.web.servlet.FrameworkServlet.doPost(FrameworkServlet.java:909) ~[spring-webmvc-5.2.10.RELEASE.jar:5.2.10.RELEASE]
	at javax.servlet.http.HttpServlet.service(HttpServlet.java:652) ~[tomcat-embed-core-9.0.39.jar:4.0.FR]
	at org.springframework.web.servlet.FrameworkServlet.service(FrameworkServlet.java:883) ~[spring-webmvc-5.2.10.RELEASE.jar:5.2.10.RELEASE]
	at javax.servlet.http.HttpServlet.service(HttpServlet.java:733) ~[tomcat-embed-core-9.0.39.jar:4.0.FR]
	at org.apache.catalina.core.ApplicationFilterChain.internalDoFilter(ApplicationFilterChain.java:231) ~[tomcat-embed-core-9.0.39.jar:9.0.39]
	at org.apache.catalina.core.ApplicationFilterChain.doFilter(ApplicationFilterChain.java:166) ~[tomcat-embed-core-9.0.39.jar:9.0.39]
	at org.apache.tomcat.websocket.server.WsFilter.doFilter(WsFilter.java:53) ~[tomcat-embed-websocket-9.0.39.jar:9.0.39]
	at org.apache.catalina.core.ApplicationFilterChain.internalDoFilter(ApplicationFilterChain.java:193) ~[tomcat-embed-core-9.0.39.jar:9.0.39]
	at org.apache.catalina.core.ApplicationFilterChain.doFilter(ApplicationFilterChain.java:166) ~[tomcat-embed-core-9.0.39.jar:9.0.39]
	at com.yep.server.filter.VerificationCodeFilter.doFilter(VerificationCodeFilter.java:70) ~[classes/:na]
	at org.apache.catalina.core.ApplicationFilterChain.internalDoFilter(ApplicationFilterChain.java:193) ~[tomcat-embed-core-9.0.39.jar:9.0.39]
	at org.apache.catalina.core.ApplicationFilterChain.doFilter(ApplicationFilterChain.java:166) ~[tomcat-embed-core-9.0.39.jar:9.0.39]
	at com.alibaba.druid.support.http.WebStatFilter.doFilter(WebStatFilter.java:123) ~[druid-1.1.10.jar:1.1.10]
	at org.apache.catalina.core.ApplicationFilterChain.internalDoFilter(ApplicationFilterChain.java:193) ~[tomcat-embed-core-9.0.39.jar:9.0.39]
	at org.apache.catalina.core.ApplicationFilterChain.doFilter(ApplicationFilterChain.java:166) ~[tomcat-embed-core-9.0.39.jar:9.0.39]
	at org.springframework.security.web.FilterChainProxy.doFilterInternal(FilterChainProxy.java:209) ~[spring-security-web-5.3.5.RELEASE.jar:5.3.5.RELEASE]
	at org.springframework.security.web.FilterChainProxy.doFilter(FilterChainProxy.java:178) ~[spring-security-web-5.3.5.RELEASE.jar:5.3.5.RELEASE]
	at org.springframework.web.filter.DelegatingFilterProxy.invokeDelegate(DelegatingFilterProxy.java:358) ~[spring-web-5.2.10.RELEASE.jar:5.2.10.RELEASE]
	at org.springframework.web.filter.DelegatingFilterProxy.doFilter(DelegatingFilterProxy.java:271) ~[spring-web-5.2.10.RELEASE.jar:5.2.10.RELEASE]
	at org.apache.catalina.core.ApplicationFilterChain.internalDoFilter(ApplicationFilterChain.java:193) ~[tomcat-embed-core-9.0.39.jar:9.0.39]
	at org.apache.catalina.core.ApplicationFilterChain.doFilter(ApplicationFilterChain.java:166) ~[tomcat-embed-core-9.0.39.jar:9.0.39]
	at org.springframework.web.filter.RequestContextFilter.doFilterInternal(RequestContextFilter.java:100) ~[spring-web-5.2.10.RELEASE.jar:5.2.10.RELEASE]
	at org.springframework.web.filter.OncePerRequestFilter.doFilter(OncePerRequestFilter.java:119) ~[spring-web-5.2.10.RELEASE.jar:5.2.10.RELEASE]
	at org.apache.catalina.core.ApplicationFilterChain.internalDoFilter(ApplicationFilterChain.java:193) ~[tomcat-embed-core-9.0.39.jar:9.0.39]
	at org.apache.catalina.core.ApplicationFilterChain.doFilter(ApplicationFilterChain.java:166) ~[tomcat-embed-core-9.0.39.jar:9.0.39]
	at org.springframework.web.filter.FormContentFilter.doFilterInternal(FormContentFilter.java:93) ~[spring-web-5.2.10.RELEASE.jar:5.2.10.RELEASE]
	at org.springframework.web.filter.OncePerRequestFilter.doFilter(OncePerRequestFilter.java:119) ~[spring-web-5.2.10.RELEASE.jar:5.2.10.RELEASE]
	at org.apache.catalina.core.ApplicationFilterChain.internalDoFilter(ApplicationFilterChain.java:193) ~[tomcat-embed-core-9.0.39.jar:9.0.39]
	at org.apache.catalina.core.ApplicationFilterChain.doFilter(ApplicationFilterChain.java:166) ~[tomcat-embed-core-9.0.39.jar:9.0.39]
	at org.springframework.web.filter.CharacterEncodingFilter.doFilterInternal(CharacterEncodingFilter.java:201) ~[spring-web-5.2.10.RELEASE.jar:5.2.10.RELEASE]
	at org.springframework.web.filter.OncePerRequestFilter.doFilter(OncePerRequestFilter.java:119) ~[spring-web-5.2.10.RELEASE.jar:5.2.10.RELEASE]
	at org.apache.catalina.core.ApplicationFilterChain.internalDoFilter(ApplicationFilterChain.java:193) ~[tomcat-embed-core-9.0.39.jar:9.0.39]
	at org.apache.catalina.core.ApplicationFilterChain.doFilter(ApplicationFilterChain.java:166) ~[tomcat-embed-core-9.0.39.jar:9.0.39]
	at org.apache.catalina.core.StandardWrapperValve.invoke(StandardWrapperValve.java:202) ~[tomcat-embed-core-9.0.39.jar:9.0.39]
	at org.apache.catalina.core.StandardContextValve.invoke(StandardContextValve.java:97) [tomcat-embed-core-9.0.39.jar:9.0.39]
	at org.apache.catalina.authenticator.AuthenticatorBase.invoke(AuthenticatorBase.java:542) [tomcat-embed-core-9.0.39.jar:9.0.39]
	at org.apache.catalina.core.StandardHostValve.invoke(StandardHostValve.java:143) [tomcat-embed-core-9.0.39.jar:9.0.39]
	at org.apache.catalina.valves.ErrorReportValve.invoke(ErrorReportValve.java:92) [tomcat-embed-core-9.0.39.jar:9.0.39]
	at org.apache.catalina.core.StandardEngineValve.invoke(StandardEngineValve.java:78) [tomcat-embed-core-9.0.39.jar:9.0.39]
	at org.apache.catalina.connector.CoyoteAdapter.service(CoyoteAdapter.java:343) [tomcat-embed-core-9.0.39.jar:9.0.39]
	at org.apache.coyote.http11.Http11Processor.service(Http11Processor.java:374) [tomcat-embed-core-9.0.39.jar:9.0.39]
	at org.apache.coyote.AbstractProcessorLight.process(AbstractProcessorLight.java:65) [tomcat-embed-core-9.0.39.jar:9.0.39]
	at org.apache.coyote.AbstractProtocol$ConnectionHandler.process(AbstractProtocol.java:868) [tomcat-embed-core-9.0.39.jar:9.0.39]
	at org.apache.tomcat.util.net.NioEndpoint$SocketProcessor.doRun(NioEndpoint.java:1590) [tomcat-embed-core-9.0.39.jar:9.0.39]
	at org.apache.tomcat.util.net.SocketProcessorBase.run(SocketProcessorBase.java:49) [tomcat-embed-core-9.0.39.jar:9.0.39]
	at java.util.concurrent.ThreadPoolExecutor.runWorker(ThreadPoolExecutor.java:1142) [na:1.8.0_131]
	at java.util.concurrent.ThreadPoolExecutor$Worker.run(ThreadPoolExecutor.java:617) [na:1.8.0_131]
	at org.apache.tomcat.util.threads.TaskThread$WrappingRunnable.run(TaskThread.java:61) [tomcat-embed-core-9.0.39.jar:9.0.39]
	at java.lang.Thread.run(Thread.java:748) [na:1.8.0_131]

2022-02-26 21:05:16.165  INFO 44448 --- [Thread-16] o.s.m.s.b.SimpleBrokerMessageHandler     : Stopping...
2022-02-26 21:05:16.166  INFO 44448 --- [Thread-16] o.s.m.s.b.SimpleBrokerMessageHandler     : BrokerAvailabilityEvent[available=false, SimpleBrokerMessageHandler [DefaultSubscriptionRegistry[cache[0 destination(s)], registry[0 sessions]]]]
2022-02-26 21:05:16.166  INFO 44448 --- [Thread-16] o.s.m.s.b.SimpleBrokerMessageHandler     : Stopped.
2022-02-26 21:05:17.195  INFO 44448 --- [Thread-16] o.s.s.concurrent.ThreadPoolTaskExecutor  : Shutting down ExecutorService 'brokerChannelExecutor'
2022-02-26 21:05:17.196  INFO 44448 --- [Thread-16] o.s.s.c.ThreadPoolTaskScheduler          : Shutting down ExecutorService 'messageBrokerTaskScheduler'
2022-02-26 21:05:17.197  INFO 44448 --- [Thread-16] o.s.s.concurrent.ThreadPoolTaskExecutor  : Shutting down ExecutorService 'clientOutboundChannelExecutor'
2022-02-26 21:05:17.197  INFO 44448 --- [Thread-16] o.s.s.concurrent.ThreadPoolTaskExecutor  : Shutting down ExecutorService 'clientInboundChannelExecutor'
2022-02-26 21:05:17.199  INFO 44448 --- [Thread-16] com.alibaba.druid.pool.DruidDataSource   : {dataSource-1} closed
2022-02-26 21:05:17.363  INFO 44448 --- [restartedMain] com.yep.server.TimRemakeApplication      : Starting TimRemakeApplication on XiaoHuangYa with PID 44448 (G:\workspace\workspace_myIdea\TimChatRemake\TimChatRemake-server\target\classes started by 28459 in G:\workspace\workspace_myIdea\TimChatRemake)
2022-02-26 21:05:17.363  INFO 44448 --- [restartedMain] com.yep.server.TimRemakeApplication      : No active profile set, falling back to default profiles: default
2022-02-26 21:05:17.716  INFO 44448 --- [restartedMain] o.s.b.w.embedded.tomcat.TomcatWebServer  : Tomcat initialized with port(s): 8082 (http)
2022-02-26 21:05:17.716  INFO 44448 --- [restartedMain] o.apache.catalina.core.StandardService   : Starting service [Tomcat]
2022-02-26 21:05:17.717  INFO 44448 --- [restartedMain] org.apache.catalina.core.StandardEngine  : Starting Servlet engine: [Apache Tomcat/9.0.39]
2022-02-26 21:05:17.742  INFO 44448 --- [restartedMain] o.a.c.c.C.[Tomcat].[localhost].[/]       : Initializing Spring embedded WebApplicationContext
2022-02-26 21:05:17.743  INFO 44448 --- [restartedMain] w.s.c.ServletWebServerApplicationContext : Root WebApplicationContext: initialization completed in 378 ms
2022-02-26 21:05:17.797  INFO 44448 --- [restartedMain] c.a.d.s.b.a.DruidDataSourceAutoConfigure : Init DruidDataSource
2022-02-26 21:05:17.817  INFO 44448 --- [restartedMain] com.alibaba.druid.pool.DruidDataSource   : {dataSource-2} inited
2022-02-26 21:05:17.837  WARN 44448 --- [restartedMain] c.b.m.core.injector.AbstractMethod       : [com.yep.server.mapper.GroupMsgContentMapper.insert] Has been loaded by XML or SqlProvider or Mybatis's Annotation, so ignoring this injection for [class com.baomidou.mybatisplus.core.injector.methods.Insert]
2022-02-26 21:05:18.910  INFO 44448 --- [restartedMain] o.s.s.concurrent.ThreadPoolTaskExecutor  : Initializing ExecutorService 'clientInboundChannelExecutor'
2022-02-26 21:05:18.912  INFO 44448 --- [restartedMain] o.s.s.concurrent.ThreadPoolTaskExecutor  : Initializing ExecutorService 'clientOutboundChannelExecutor'
2022-02-26 21:05:18.921  WARN 44448 --- [restartedMain] c.b.m.core.metadata.TableInfoHelper      : Can not find table primary key in Class: "com.yep.server.pojo.MailSendLog".
2022-02-26 21:05:18.922  WARN 44448 --- [restartedMain] c.b.m.core.injector.DefaultSqlInjector   : class com.yep.server.pojo.MailSendLog ,Not found @TableId annotation, Cannot use Mybatis-Plus 'xxById' Method.
2022-02-26 21:05:18.999  INFO 44448 --- [restartedMain] o.s.s.web.DefaultSecurityFilterChain     : Creating filter chain: Ant [pattern='/css/**'], []
2022-02-26 21:05:19.000  INFO 44448 --- [restartedMain] o.s.s.web.DefaultSecurityFilterChain     : Creating filter chain: Ant [pattern='/fonts/**'], []
2022-02-26 21:05:19.000  INFO 44448 --- [restartedMain] o.s.s.web.DefaultSecurityFilterChain     : Creating filter chain: Ant [pattern='/img/**'], []
2022-02-26 21:05:19.000  INFO 44448 --- [restartedMain] o.s.s.web.DefaultSecurityFilterChain     : Creating filter chain: Ant [pattern='/js/**'], []
2022-02-26 21:05:19.000  INFO 44448 --- [restartedMain] o.s.s.web.DefaultSecurityFilterChain     : Creating filter chain: Ant [pattern='/favicon.ico'], []
2022-02-26 21:05:19.000  INFO 44448 --- [restartedMain] o.s.s.web.DefaultSecurityFilterChain     : Creating filter chain: Ant [pattern='/index.html'], []
2022-02-26 21:05:19.000  INFO 44448 --- [restartedMain] o.s.s.web.DefaultSecurityFilterChain     : Creating filter chain: Ant [pattern='/admin/login'], []
2022-02-26 21:05:19.000  INFO 44448 --- [restartedMain] o.s.s.web.DefaultSecurityFilterChain     : Creating filter chain: Ant [pattern='/admin/mailVerifyCode'], []
2022-02-26 21:05:19.000  INFO 44448 --- [restartedMain] o.s.s.web.DefaultSecurityFilterChain     : Creating filter chain: Ant [pattern='/login'], []
2022-02-26 21:05:19.000  INFO 44448 --- [restartedMain] o.s.s.web.DefaultSecurityFilterChain     : Creating filter chain: Ant [pattern='/verifyCode'], []
2022-02-26 21:05:19.000  INFO 44448 --- [restartedMain] o.s.s.web.DefaultSecurityFilterChain     : Creating filter chain: Ant [pattern='/file'], []
2022-02-26 21:05:19.000  INFO 44448 --- [restartedMain] o.s.s.web.DefaultSecurityFilterChain     : Creating filter chain: Ant [pattern='/user/register'], []
2022-02-26 21:05:19.000  INFO 44448 --- [restartedMain] o.s.s.web.DefaultSecurityFilterChain     : Creating filter chain: Ant [pattern='/user/checkUsername'], []
2022-02-26 21:05:19.000  INFO 44448 --- [restartedMain] o.s.s.web.DefaultSecurityFilterChain     : Creating filter chain: Ant [pattern='/user/checkNickname'], []
2022-02-26 21:05:19.005  INFO 44448 --- [restartedMain] o.s.s.web.DefaultSecurityFilterChain     : Creating filter chain: Ant [pattern='/admin/**'], [org.springframework.security.web.context.request.async.WebAsyncManagerIntegrationFilter@14d5b9f2, org.springframework.security.web.context.SecurityContextPersistenceFilter@304f0689, org.springframework.security.web.header.HeaderWriterFilter@2e3a50f9, org.springframework.security.web.authentication.logout.LogoutFilter@d7f9671, com.yep.server.filter.VerificationCodeFilter@1482f82c, org.springframework.security.web.authentication.UsernamePasswordAuthenticationFilter@42cb0a0e, org.springframework.security.web.savedrequest.RequestCacheAwareFilter@309bd4f4, org.springframework.security.web.servletapi.SecurityContextHolderAwareRequestFilter@4cdaf786, org.springframework.security.web.authentication.AnonymousAuthenticationFilter@240fa761, org.springframework.security.web.session.SessionManagementFilter@45c98ac8, org.springframework.security.web.access.ExceptionTranslationFilter@3dd7a074, org.springframework.security.web.access.intercept.FilterSecurityInterceptor@7cf87722]
2022-02-26 21:05:19.006  INFO 44448 --- [restartedMain] o.s.s.web.DefaultSecurityFilterChain     : Creating filter chain: any request, [org.springframework.security.web.context.request.async.WebAsyncManagerIntegrationFilter@6a517daf, org.springframework.security.web.context.SecurityContextPersistenceFilter@1e83a7c1, org.springframework.security.web.header.HeaderWriterFilter@56e99296, org.springframework.security.web.authentication.logout.LogoutFilter@473d6696, com.yep.server.filter.VerificationCodeFilter@1482f82c, org.springframework.security.web.authentication.UsernamePasswordAuthenticationFilter@5080c30e, org.springframework.security.web.savedrequest.RequestCacheAwareFilter@3d50c54f, org.springframework.security.web.servletapi.SecurityContextHolderAwareRequestFilter@27379d51, org.springframework.security.web.authentication.AnonymousAuthenticationFilter@f436799, org.springframework.security.web.session.SessionManagementFilter@41845a7d, org.springframework.security.web.access.ExceptionTranslationFilter@74baf95f, org.springframework.security.web.access.intercept.FilterSecurityInterceptor@6885beaa]
2022-02-26 21:05:19.010  INFO 44448 --- [restartedMain] o.s.s.c.ThreadPoolTaskScheduler          : Initializing ExecutorService 'messageBrokerTaskScheduler'
2022-02-26 21:05:19.014  INFO 44448 --- [restartedMain] o.s.s.concurrent.ThreadPoolTaskExecutor  : Initializing ExecutorService 'brokerChannelExecutor'
2022-02-26 21:05:19.114  INFO 44448 --- [restartedMain] o.s.b.d.a.OptionalLiveReloadServer       : LiveReload server is running on port 35729
2022-02-26 21:05:19.156  INFO 44448 --- [restartedMain] o.s.b.w.embedded.tomcat.TomcatWebServer  : Tomcat started on port(s): 8082 (http) with context path ''
2022-02-26 21:05:19.157  INFO 44448 --- [restartedMain] o.s.m.s.b.SimpleBrokerMessageHandler     : Starting...
2022-02-26 21:05:19.157  INFO 44448 --- [restartedMain] o.s.m.s.b.SimpleBrokerMessageHandler     : BrokerAvailabilityEvent[available=true, SimpleBrokerMessageHandler [DefaultSubscriptionRegistry[cache[0 destination(s)], registry[0 sessions]]]]
2022-02-26 21:05:19.157  INFO 44448 --- [restartedMain] o.s.m.s.b.SimpleBrokerMessageHandler     : Started.
2022-02-26 21:05:19.161  INFO 44448 --- [restartedMain] com.yep.server.TimRemakeApplication      : Started TimRemakeApplication in 1.824 seconds (JVM running for 166.595)
2022-02-26 21:05:19.163  INFO 44448 --- [restartedMain] .ConditionEvaluationDeltaLoggingListener : Condition evaluation unchanged
2022-02-26 21:05:20.882  INFO 44448 --- [http-nio-8082-exec-3] o.a.c.c.C.[Tomcat].[localhost].[/]       : Initializing Spring DispatcherServlet 'dispatcherServlet'
2022-02-26 21:05:20.883  INFO 44448 --- [http-nio-8082-exec-3] o.s.web.servlet.DispatcherServlet        : Initializing Servlet 'dispatcherServlet'
2022-02-26 21:05:20.885  INFO 44448 --- [http-nio-8082-exec-3] o.s.web.servlet.DispatcherServlet        : Completed initialization in 2 ms
2022-02-26 21:05:20.887 DEBUG 44448 --- [http-nio-8082-exec-3] c.yep.server.controller.FileController   : 收到的文件是否为空：true
2022-02-26 21:05:28.210 DEBUG 44448 --- [http-nio-8082-exec-2] c.yep.server.controller.FileController   : 收到的文件是否为空：false
2022-02-26 21:05:28.211 DEBUG 44448 --- [http-nio-8082-exec-2] c.yep.server.controller.FileController   : 收到的文件名：221313.jpg
2022-02-26 21:06:19.013  INFO 44448 --- [MessageBroker-1] o.s.w.s.c.WebSocketMessageBrokerStats    : WebSocketSession[0 current WS(0)-HttpStream(0)-HttpPoll(0), 0 total, 0 closed abnormally (0 connect failure, 0 send limit, 0 transport error)], stompSubProtocol[processed CONNECT(0)-CONNECTED(0)-DISCONNECT(0)], stompBrokerRelay[null], inboundChannel[pool size = 0, active threads = 0, queued tasks = 0, completed tasks = 0], outboundChannel[pool size = 0, active threads = 0, queued tasks = 0, completed tasks = 0], sockJsScheduler[pool size = 1, active threads = 1, queued tasks = 0, completed tasks = 0]
2022-02-26 21:06:26.201  INFO 44448 --- [Thread-24] o.s.m.s.b.SimpleBrokerMessageHandler     : Stopping...
2022-02-26 21:06:26.201  INFO 44448 --- [Thread-24] o.s.m.s.b.SimpleBrokerMessageHandler     : BrokerAvailabilityEvent[available=false, SimpleBrokerMessageHandler [DefaultSubscriptionRegistry[cache[0 destination(s)], registry[0 sessions]]]]
2022-02-26 21:06:26.201  INFO 44448 --- [Thread-24] o.s.m.s.b.SimpleBrokerMessageHandler     : Stopped.
2022-02-26 21:06:27.411  INFO 44448 --- [Thread-24] o.s.s.concurrent.ThreadPoolTaskExecutor  : Shutting down ExecutorService 'brokerChannelExecutor'
2022-02-26 21:06:27.411  INFO 44448 --- [Thread-24] o.s.s.c.ThreadPoolTaskScheduler          : Shutting down ExecutorService 'messageBrokerTaskScheduler'
2022-02-26 21:06:27.412  INFO 44448 --- [Thread-24] o.s.s.concurrent.ThreadPoolTaskExecutor  : Shutting down ExecutorService 'clientOutboundChannelExecutor'
2022-02-26 21:06:27.412  INFO 44448 --- [Thread-24] o.s.s.concurrent.ThreadPoolTaskExecutor  : Shutting down ExecutorService 'clientInboundChannelExecutor'
2022-02-26 21:06:27.413  INFO 44448 --- [Thread-24] com.alibaba.druid.pool.DruidDataSource   : {dataSource-2} closed
2022-02-26 21:06:27.562  INFO 44448 --- [restartedMain] com.yep.server.TimRemakeApplication      : Starting TimRemakeApplication on XiaoHuangYa with PID 44448 (G:\workspace\workspace_myIdea\TimChatRemake\TimChatRemake-server\target\classes started by 28459 in G:\workspace\workspace_myIdea\TimChatRemake)
2022-02-26 21:06:27.562  INFO 44448 --- [restartedMain] com.yep.server.TimRemakeApplication      : No active profile set, falling back to default profiles: default
2022-02-26 21:06:27.969  INFO 44448 --- [restartedMain] o.s.b.w.embedded.tomcat.TomcatWebServer  : Tomcat initialized with port(s): 8082 (http)
2022-02-26 21:06:27.970  INFO 44448 --- [restartedMain] o.apache.catalina.core.StandardService   : Starting service [Tomcat]
2022-02-26 21:06:27.970  INFO 44448 --- [restartedMain] org.apache.catalina.core.StandardEngine  : Starting Servlet engine: [Apache Tomcat/9.0.39]
2022-02-26 21:06:28.000  INFO 44448 --- [restartedMain] o.a.c.c.C.[Tomcat].[localhost].[/]       : Initializing Spring embedded WebApplicationContext
2022-02-26 21:06:28.000  INFO 44448 --- [restartedMain] w.s.c.ServletWebServerApplicationContext : Root WebApplicationContext: initialization completed in 436 ms
2022-02-26 21:06:28.049  INFO 44448 --- [restartedMain] c.a.d.s.b.a.DruidDataSourceAutoConfigure : Init DruidDataSource
2022-02-26 21:06:28.073  INFO 44448 --- [restartedMain] com.alibaba.druid.pool.DruidDataSource   : {dataSource-3} inited
2022-02-26 21:06:28.094  WARN 44448 --- [restartedMain] c.b.m.core.injector.AbstractMethod       : [com.yep.server.mapper.GroupMsgContentMapper.insert] Has been loaded by XML or SqlProvider or Mybatis's Annotation, so ignoring this injection for [class com.baomidou.mybatisplus.core.injector.methods.Insert]
2022-02-26 21:06:29.410  INFO 44448 --- [restartedMain] o.s.s.concurrent.ThreadPoolTaskExecutor  : Initializing ExecutorService 'clientInboundChannelExecutor'
2022-02-26 21:06:29.411  INFO 44448 --- [restartedMain] o.s.s.concurrent.ThreadPoolTaskExecutor  : Initializing ExecutorService 'clientOutboundChannelExecutor'
2022-02-26 21:06:29.425  WARN 44448 --- [restartedMain] c.b.m.core.metadata.TableInfoHelper      : Can not find table primary key in Class: "com.yep.server.pojo.MailSendLog".
2022-02-26 21:06:29.425  WARN 44448 --- [restartedMain] c.b.m.core.injector.DefaultSqlInjector   : class com.yep.server.pojo.MailSendLog ,Not found @TableId annotation, Cannot use Mybatis-Plus 'xxById' Method.
2022-02-26 21:06:29.506  INFO 44448 --- [restartedMain] o.s.s.web.DefaultSecurityFilterChain     : Creating filter chain: Ant [pattern='/css/**'], []
2022-02-26 21:06:29.506  INFO 44448 --- [restartedMain] o.s.s.web.DefaultSecurityFilterChain     : Creating filter chain: Ant [pattern='/fonts/**'], []
2022-02-26 21:06:29.507  INFO 44448 --- [restartedMain] o.s.s.web.DefaultSecurityFilterChain     : Creating filter chain: Ant [pattern='/img/**'], []
2022-02-26 21:06:29.507  INFO 44448 --- [restartedMain] o.s.s.web.DefaultSecurityFilterChain     : Creating filter chain: Ant [pattern='/js/**'], []
2022-02-26 21:06:29.507  INFO 44448 --- [restartedMain] o.s.s.web.DefaultSecurityFilterChain     : Creating filter chain: Ant [pattern='/favicon.ico'], []
2022-02-26 21:06:29.507  INFO 44448 --- [restartedMain] o.s.s.web.DefaultSecurityFilterChain     : Creating filter chain: Ant [pattern='/index.html'], []
2022-02-26 21:06:29.507  INFO 44448 --- [restartedMain] o.s.s.web.DefaultSecurityFilterChain     : Creating filter chain: Ant [pattern='/admin/login'], []
2022-02-26 21:06:29.507  INFO 44448 --- [restartedMain] o.s.s.web.DefaultSecurityFilterChain     : Creating filter chain: Ant [pattern='/admin/mailVerifyCode'], []
2022-02-26 21:06:29.507  INFO 44448 --- [restartedMain] o.s.s.web.DefaultSecurityFilterChain     : Creating filter chain: Ant [pattern='/*.jpg'], []
2022-02-26 21:06:29.507  INFO 44448 --- [restartedMain] o.s.s.web.DefaultSecurityFilterChain     : Creating filter chain: Ant [pattern='/login'], []
2022-02-26 21:06:29.507  INFO 44448 --- [restartedMain] o.s.s.web.DefaultSecurityFilterChain     : Creating filter chain: Ant [pattern='/verifyCode'], []
2022-02-26 21:06:29.507  INFO 44448 --- [restartedMain] o.s.s.web.DefaultSecurityFilterChain     : Creating filter chain: Ant [pattern='/file'], []
2022-02-26 21:06:29.507  INFO 44448 --- [restartedMain] o.s.s.web.DefaultSecurityFilterChain     : Creating filter chain: Ant [pattern='/user/register'], []
2022-02-26 21:06:29.507  INFO 44448 --- [restartedMain] o.s.s.web.DefaultSecurityFilterChain     : Creating filter chain: Ant [pattern='/user/checkUsername'], []
2022-02-26 21:06:29.507  INFO 44448 --- [restartedMain] o.s.s.web.DefaultSecurityFilterChain     : Creating filter chain: Ant [pattern='/user/checkNickname'], []
2022-02-26 21:06:29.513  INFO 44448 --- [restartedMain] o.s.s.web.DefaultSecurityFilterChain     : Creating filter chain: Ant [pattern='/admin/**'], [org.springframework.security.web.context.request.async.WebAsyncManagerIntegrationFilter@44172d94, org.springframework.security.web.context.SecurityContextPersistenceFilter@20abfc68, org.springframework.security.web.header.HeaderWriterFilter@76c8cffa, org.springframework.security.web.authentication.logout.LogoutFilter@5412cbc3, com.yep.server.filter.VerificationCodeFilter@6325b586, org.springframework.security.web.authentication.UsernamePasswordAuthenticationFilter@702fa98f, org.springframework.security.web.savedrequest.RequestCacheAwareFilter@762d369a, org.springframework.security.web.servletapi.SecurityContextHolderAwareRequestFilter@46aa80ba, org.springframework.security.web.authentication.AnonymousAuthenticationFilter@6fd742c5, org.springframework.security.web.session.SessionManagementFilter@4c6420dc, org.springframework.security.web.access.ExceptionTranslationFilter@4ce35679, org.springframework.security.web.access.intercept.FilterSecurityInterceptor@39bdd89a]
2022-02-26 21:06:29.515  INFO 44448 --- [restartedMain] o.s.s.web.DefaultSecurityFilterChain     : Creating filter chain: any request, [org.springframework.security.web.context.request.async.WebAsyncManagerIntegrationFilter@429d9db, org.springframework.security.web.context.SecurityContextPersistenceFilter@39191a3f, org.springframework.security.web.header.HeaderWriterFilter@26b1ba9a, org.springframework.security.web.authentication.logout.LogoutFilter@1979be25, com.yep.server.filter.VerificationCodeFilter@6325b586, org.springframework.security.web.authentication.UsernamePasswordAuthenticationFilter@5d1f5821, org.springframework.security.web.savedrequest.RequestCacheAwareFilter@15fda343, org.springframework.security.web.servletapi.SecurityContextHolderAwareRequestFilter@3eb3ae0c, org.springframework.security.web.authentication.AnonymousAuthenticationFilter@2e28be1a, org.springframework.security.web.session.SessionManagementFilter@15c86dbf, org.springframework.security.web.access.ExceptionTranslationFilter@65393e29, org.springframework.security.web.access.intercept.FilterSecurityInterceptor@4c09aa2]
2022-02-26 21:06:29.519  INFO 44448 --- [restartedMain] o.s.s.c.ThreadPoolTaskScheduler          : Initializing ExecutorService 'messageBrokerTaskScheduler'
2022-02-26 21:06:29.524  INFO 44448 --- [restartedMain] o.s.s.concurrent.ThreadPoolTaskExecutor  : Initializing ExecutorService 'brokerChannelExecutor'
2022-02-26 21:06:29.617  INFO 44448 --- [restartedMain] o.s.b.d.a.OptionalLiveReloadServer       : LiveReload server is running on port 35729
2022-02-26 21:06:29.650  INFO 44448 --- [restartedMain] o.s.b.w.embedded.tomcat.TomcatWebServer  : Tomcat started on port(s): 8082 (http) with context path ''
2022-02-26 21:06:29.651  INFO 44448 --- [restartedMain] o.s.m.s.b.SimpleBrokerMessageHandler     : Starting...
2022-02-26 21:06:29.651  INFO 44448 --- [restartedMain] o.s.m.s.b.SimpleBrokerMessageHandler     : BrokerAvailabilityEvent[available=true, SimpleBrokerMessageHandler [DefaultSubscriptionRegistry[cache[0 destination(s)], registry[0 sessions]]]]
2022-02-26 21:06:29.651  INFO 44448 --- [restartedMain] o.s.m.s.b.SimpleBrokerMessageHandler     : Started.
2022-02-26 21:06:29.654  INFO 44448 --- [restartedMain] com.yep.server.TimRemakeApplication      : Started TimRemakeApplication in 2.118 seconds (JVM running for 237.089)
2022-02-26 21:06:29.655  INFO 44448 --- [restartedMain] .ConditionEvaluationDeltaLoggingListener : Condition evaluation unchanged
2022-02-26 21:06:33.065  INFO 44448 --- [http-nio-8082-exec-1] o.a.c.c.C.[Tomcat].[localhost].[/]       : Initializing Spring DispatcherServlet 'dispatcherServlet'
2022-02-26 21:06:33.066  INFO 44448 --- [http-nio-8082-exec-1] o.s.web.servlet.DispatcherServlet        : Initializing Servlet 'dispatcherServlet'
2022-02-26 21:06:33.069  INFO 44448 --- [http-nio-8082-exec-1] o.s.web.servlet.DispatcherServlet        : Completed initialization in 3 ms
2022-02-26 21:06:53.033 DEBUG 44448 --- [http-nio-8082-exec-6] c.yep.server.controller.LoginController  : 生成的验证码为：pOS0
2022-02-26 21:06:57.810 DEBUG 44448 --- [http-nio-8082-exec-7] c.y.s.m.UserMapper.loadUserByUsername    : ==>  Preparing: select * from tim_remake.user where username = ?
2022-02-26 21:06:57.810 DEBUG 44448 --- [http-nio-8082-exec-7] c.y.s.m.UserMapper.loadUserByUsername    : ==> Parameters: admin(String)
2022-02-26 21:06:57.812 DEBUG 44448 --- [http-nio-8082-exec-7] c.y.s.m.UserMapper.loadUserByUsername    : <==      Total: 1
2022-02-26 21:06:57.813 DEBUG 44448 --- [http-nio-8082-exec-7] c.y.server.service.impl.UserServiceImpl  : 查到的用户数据为：User(id=23, username=admin, nickname=admin, password=$2a$10$Ed15paaaUNe7E2PoMSNu7.SVbodRyRtTRBol3mbjIhbN0qYnO1hWi, userProfile=https://ss0.bdstatic.com/70cFuHSh_Q1YnxGkpoWK1HF6hhy/it/u=1405813947,3985685597&fm=26&gp=0.jpg, userStateId=1, isEnabled=true, isLocked=false)
2022-02-26 21:06:57.881 DEBUG 44448 --- [http-nio-8082-exec-7] c.y.s.m.UserMapper.setUserStateToOn      : ==>  Preparing: update tim_remake.user set user_state_id=1 where id = ?
2022-02-26 21:06:57.881 DEBUG 44448 --- [http-nio-8082-exec-7] c.y.s.m.UserMapper.setUserStateToOn      : ==> Parameters: 23(Integer)
2022-02-26 21:06:57.884 DEBUG 44448 --- [http-nio-8082-exec-7] c.y.s.m.UserMapper.setUserStateToOn      : <==    Updates: 1
2022-02-26 21:07:00.941 DEBUG 44448 --- [http-nio-8082-exec-5] c.yep.server.controller.FileController   : 收到的文件是否为空：false
2022-02-26 21:07:00.941 DEBUG 44448 --- [http-nio-8082-exec-5] c.yep.server.controller.FileController   : 收到的文件名：221313.jpg
2022-02-26 21:07:29.526  INFO 44448 --- [MessageBroker-1] o.s.w.s.c.WebSocketMessageBrokerStats    : WebSocketSession[0 current WS(0)-HttpStream(0)-HttpPoll(0), 0 total, 0 closed abnormally (0 connect failure, 0 send limit, 0 transport error)], stompSubProtocol[processed CONNECT(0)-CONNECTED(0)-DISCONNECT(0)], stompBrokerRelay[null], inboundChannel[pool size = 0, active threads = 0, queued tasks = 0, completed tasks = 0], outboundChannel[pool size = 0, active threads = 0, queued tasks = 0, completed tasks = 0], sockJsScheduler[pool size = 1, active threads = 1, queued tasks = 0, completed tasks = 0]
2022-02-26 21:09:49.110  INFO 44448 --- [Thread-29] o.s.m.s.b.SimpleBrokerMessageHandler     : Stopping...
2022-02-26 21:09:49.111  INFO 44448 --- [Thread-29] o.s.m.s.b.SimpleBrokerMessageHandler     : BrokerAvailabilityEvent[available=false, SimpleBrokerMessageHandler [DefaultSubscriptionRegistry[cache[0 destination(s)], registry[0 sessions]]]]
2022-02-26 21:09:49.111  INFO 44448 --- [Thread-29] o.s.m.s.b.SimpleBrokerMessageHandler     : Stopped.
2022-02-26 21:09:50.333  INFO 44448 --- [Thread-29] o.s.s.concurrent.ThreadPoolTaskExecutor  : Shutting down ExecutorService 'brokerChannelExecutor'
2022-02-26 21:09:50.333  INFO 44448 --- [Thread-29] o.s.s.c.ThreadPoolTaskScheduler          : Shutting down ExecutorService 'messageBrokerTaskScheduler'
2022-02-26 21:09:50.334  INFO 44448 --- [Thread-29] o.s.s.concurrent.ThreadPoolTaskExecutor  : Shutting down ExecutorService 'clientOutboundChannelExecutor'
2022-02-26 21:09:50.334  INFO 44448 --- [Thread-29] o.s.s.concurrent.ThreadPoolTaskExecutor  : Shutting down ExecutorService 'clientInboundChannelExecutor'
2022-02-26 21:09:50.335  INFO 44448 --- [Thread-29] com.alibaba.druid.pool.DruidDataSource   : {dataSource-3} closed
2022-02-26 21:09:50.513  INFO 44448 --- [restartedMain] com.yep.server.TimRemakeApplication      : Starting TimRemakeApplication on XiaoHuangYa with PID 44448 (G:\workspace\workspace_myIdea\TimChatRemake\TimChatRemake-server\target\classes started by 28459 in G:\workspace\workspace_myIdea\TimChatRemake)
2022-02-26 21:09:50.513  INFO 44448 --- [restartedMain] com.yep.server.TimRemakeApplication      : No active profile set, falling back to default profiles: default
2022-02-26 21:09:50.867  INFO 44448 --- [restartedMain] o.s.b.w.embedded.tomcat.TomcatWebServer  : Tomcat initialized with port(s): 8082 (http)
2022-02-26 21:09:50.868  INFO 44448 --- [restartedMain] o.apache.catalina.core.StandardService   : Starting service [Tomcat]
2022-02-26 21:09:50.868  INFO 44448 --- [restartedMain] org.apache.catalina.core.StandardEngine  : Starting Servlet engine: [Apache Tomcat/9.0.39]
2022-02-26 21:09:50.895  INFO 44448 --- [restartedMain] o.a.c.c.C.[Tomcat].[localhost].[/]       : Initializing Spring embedded WebApplicationContext
2022-02-26 21:09:50.895  INFO 44448 --- [restartedMain] w.s.c.ServletWebServerApplicationContext : Root WebApplicationContext: initialization completed in 380 ms
2022-02-26 21:09:50.941  INFO 44448 --- [restartedMain] c.a.d.s.b.a.DruidDataSourceAutoConfigure : Init DruidDataSource
2022-02-26 21:09:50.960  INFO 44448 --- [restartedMain] com.alibaba.druid.pool.DruidDataSource   : {dataSource-4} inited
2022-02-26 21:09:50.979  WARN 44448 --- [restartedMain] c.b.m.core.injector.AbstractMethod       : [com.yep.server.mapper.GroupMsgContentMapper.insert] Has been loaded by XML or SqlProvider or Mybatis's Annotation, so ignoring this injection for [class com.baomidou.mybatisplus.core.injector.methods.Insert]
2022-02-26 21:09:51.921  INFO 44448 --- [restartedMain] o.s.s.concurrent.ThreadPoolTaskExecutor  : Initializing ExecutorService 'clientInboundChannelExecutor'
2022-02-26 21:09:51.922  INFO 44448 --- [restartedMain] o.s.s.concurrent.ThreadPoolTaskExecutor  : Initializing ExecutorService 'clientOutboundChannelExecutor'
2022-02-26 21:09:51.932  WARN 44448 --- [restartedMain] c.b.m.core.metadata.TableInfoHelper      : Can not find table primary key in Class: "com.yep.server.pojo.MailSendLog".
2022-02-26 21:09:51.932  WARN 44448 --- [restartedMain] c.b.m.core.injector.DefaultSqlInjector   : class com.yep.server.pojo.MailSendLog ,Not found @TableId annotation, Cannot use Mybatis-Plus 'xxById' Method.
2022-02-26 21:09:51.994  INFO 44448 --- [restartedMain] o.s.s.web.DefaultSecurityFilterChain     : Creating filter chain: Ant [pattern='/css/**'], []
2022-02-26 21:09:51.995  INFO 44448 --- [restartedMain] o.s.s.web.DefaultSecurityFilterChain     : Creating filter chain: Ant [pattern='/fonts/**'], []
2022-02-26 21:09:51.995  INFO 44448 --- [restartedMain] o.s.s.web.DefaultSecurityFilterChain     : Creating filter chain: Ant [pattern='/img/**'], []
2022-02-26 21:09:51.995  INFO 44448 --- [restartedMain] o.s.s.web.DefaultSecurityFilterChain     : Creating filter chain: Ant [pattern='/js/**'], []
2022-02-26 21:09:51.995  INFO 44448 --- [restartedMain] o.s.s.web.DefaultSecurityFilterChain     : Creating filter chain: Ant [pattern='/favicon.ico'], []
2022-02-26 21:09:51.995  INFO 44448 --- [restartedMain] o.s.s.web.DefaultSecurityFilterChain     : Creating filter chain: Ant [pattern='/index.html'], []
2022-02-26 21:09:51.995  INFO 44448 --- [restartedMain] o.s.s.web.DefaultSecurityFilterChain     : Creating filter chain: Ant [pattern='/admin/login'], []
2022-02-26 21:09:51.995  INFO 44448 --- [restartedMain] o.s.s.web.DefaultSecurityFilterChain     : Creating filter chain: Ant [pattern='/admin/mailVerifyCode'], []
2022-02-26 21:09:51.995  INFO 44448 --- [restartedMain] o.s.s.web.DefaultSecurityFilterChain     : Creating filter chain: Ant [pattern='/*.jpg'], []
2022-02-26 21:09:51.995  INFO 44448 --- [restartedMain] o.s.s.web.DefaultSecurityFilterChain     : Creating filter chain: Ant [pattern='/login'], []
2022-02-26 21:09:51.995  INFO 44448 --- [restartedMain] o.s.s.web.DefaultSecurityFilterChain     : Creating filter chain: Ant [pattern='/verifyCode'], []
2022-02-26 21:09:51.995  INFO 44448 --- [restartedMain] o.s.s.web.DefaultSecurityFilterChain     : Creating filter chain: Ant [pattern='/file'], []
2022-02-26 21:09:51.995  INFO 44448 --- [restartedMain] o.s.s.web.DefaultSecurityFilterChain     : Creating filter chain: Ant [pattern='/user/register'], []
2022-02-26 21:09:51.995  INFO 44448 --- [restartedMain] o.s.s.web.DefaultSecurityFilterChain     : Creating filter chain: Ant [pattern='/user/checkUsername'], []
2022-02-26 21:09:51.995  INFO 44448 --- [restartedMain] o.s.s.web.DefaultSecurityFilterChain     : Creating filter chain: Ant [pattern='/user/checkNickname'], []
2022-02-26 21:09:52.000  INFO 44448 --- [restartedMain] o.s.s.web.DefaultSecurityFilterChain     : Creating filter chain: Ant [pattern='/admin/**'], [org.springframework.security.web.context.request.async.WebAsyncManagerIntegrationFilter@2e83d943, org.springframework.security.web.context.SecurityContextPersistenceFilter@123489e7, org.springframework.security.web.header.HeaderWriterFilter@5f22e747, org.springframework.security.web.authentication.logout.LogoutFilter@31e85574, com.yep.server.filter.VerificationCodeFilter@41f14354, org.springframework.security.web.authentication.UsernamePasswordAuthenticationFilter@b678614, org.springframework.security.web.savedrequest.RequestCacheAwareFilter@434074c3, org.springframework.security.web.servletapi.SecurityContextHolderAwareRequestFilter@b90ab33, org.springframework.security.web.authentication.AnonymousAuthenticationFilter@63cbfac2, org.springframework.security.web.session.SessionManagementFilter@4299c40b, org.springframework.security.web.access.ExceptionTranslationFilter@55708aa8, org.springframework.security.web.access.intercept.FilterSecurityInterceptor@5b627b8d]
2022-02-26 21:09:52.001  INFO 44448 --- [restartedMain] o.s.s.web.DefaultSecurityFilterChain     : Creating filter chain: any request, [org.springframework.security.web.context.request.async.WebAsyncManagerIntegrationFilter@18435934, org.springframework.security.web.context.SecurityContextPersistenceFilter@401f82c1, org.springframework.security.web.header.HeaderWriterFilter@2dfd2f63, org.springframework.security.web.authentication.logout.LogoutFilter@3259d548, com.yep.server.filter.VerificationCodeFilter@41f14354, org.springframework.security.web.authentication.UsernamePasswordAuthenticationFilter@2330ad99, org.springframework.security.web.savedrequest.RequestCacheAwareFilter@7a556aaa, org.springframework.security.web.servletapi.SecurityContextHolderAwareRequestFilter@3e97c4b4, org.springframework.security.web.authentication.AnonymousAuthenticationFilter@2ec76d17, org.springframework.security.web.session.SessionManagementFilter@1774f7f7, org.springframework.security.web.access.ExceptionTranslationFilter@2473d078, org.springframework.security.web.access.intercept.FilterSecurityInterceptor@58b70d0f]
2022-02-26 21:09:52.004  INFO 44448 --- [restartedMain] o.s.s.c.ThreadPoolTaskScheduler          : Initializing ExecutorService 'messageBrokerTaskScheduler'
2022-02-26 21:09:52.008  INFO 44448 --- [restartedMain] o.s.s.concurrent.ThreadPoolTaskExecutor  : Initializing ExecutorService 'brokerChannelExecutor'
2022-02-26 21:09:52.087  INFO 44448 --- [restartedMain] o.s.b.d.a.OptionalLiveReloadServer       : LiveReload server is running on port 35729
2022-02-26 21:09:52.117  INFO 44448 --- [restartedMain] o.s.b.w.embedded.tomcat.TomcatWebServer  : Tomcat started on port(s): 8082 (http) with context path ''
2022-02-26 21:09:52.117  INFO 44448 --- [restartedMain] o.s.m.s.b.SimpleBrokerMessageHandler     : Starting...
2022-02-26 21:09:52.117  INFO 44448 --- [restartedMain] o.s.m.s.b.SimpleBrokerMessageHandler     : BrokerAvailabilityEvent[available=true, SimpleBrokerMessageHandler [DefaultSubscriptionRegistry[cache[0 destination(s)], registry[0 sessions]]]]
2022-02-26 21:09:52.117  INFO 44448 --- [restartedMain] o.s.m.s.b.SimpleBrokerMessageHandler     : Started.
2022-02-26 21:09:52.120  INFO 44448 --- [restartedMain] com.yep.server.TimRemakeApplication      : Started TimRemakeApplication in 1.631 seconds (JVM running for 439.554)
2022-02-26 21:09:52.121  INFO 44448 --- [restartedMain] .ConditionEvaluationDeltaLoggingListener : Condition evaluation unchanged
2022-02-26 21:09:55.107  INFO 44448 --- [http-nio-8082-exec-1] o.a.c.c.C.[Tomcat].[localhost].[/]       : Initializing Spring DispatcherServlet 'dispatcherServlet'
2022-02-26 21:09:55.107  INFO 44448 --- [http-nio-8082-exec-1] o.s.web.servlet.DispatcherServlet        : Initializing Servlet 'dispatcherServlet'
2022-02-26 21:09:55.110  INFO 44448 --- [http-nio-8082-exec-1] o.s.web.servlet.DispatcherServlet        : Completed initialization in 3 ms
2022-02-26 21:10:52.009  INFO 44448 --- [MessageBroker-1] o.s.w.s.c.WebSocketMessageBrokerStats    : WebSocketSession[0 current WS(0)-HttpStream(0)-HttpPoll(0), 0 total, 0 closed abnormally (0 connect failure, 0 send limit, 0 transport error)], stompSubProtocol[processed CONNECT(0)-CONNECTED(0)-DISCONNECT(0)], stompBrokerRelay[null], inboundChannel[pool size = 0, active threads = 0, queued tasks = 0, completed tasks = 0], outboundChannel[pool size = 0, active threads = 0, queued tasks = 0, completed tasks = 0], sockJsScheduler[pool size = 1, active threads = 1, queued tasks = 0, completed tasks = 0]
2022-02-26 21:12:20.053  INFO 44448 --- [Thread-34] o.s.m.s.b.SimpleBrokerMessageHandler     : Stopping...
2022-02-26 21:12:20.053  INFO 44448 --- [Thread-34] o.s.m.s.b.SimpleBrokerMessageHandler     : BrokerAvailabilityEvent[available=false, SimpleBrokerMessageHandler [DefaultSubscriptionRegistry[cache[0 destination(s)], registry[0 sessions]]]]
2022-02-26 21:12:20.053  INFO 44448 --- [Thread-34] o.s.m.s.b.SimpleBrokerMessageHandler     : Stopped.
2022-02-26 21:12:21.269  INFO 44448 --- [Thread-34] o.s.s.concurrent.ThreadPoolTaskExecutor  : Shutting down ExecutorService 'brokerChannelExecutor'
2022-02-26 21:12:21.270  INFO 44448 --- [Thread-34] o.s.s.c.ThreadPoolTaskScheduler          : Shutting down ExecutorService 'messageBrokerTaskScheduler'
2022-02-26 21:12:21.270  INFO 44448 --- [Thread-34] o.s.s.concurrent.ThreadPoolTaskExecutor  : Shutting down ExecutorService 'clientOutboundChannelExecutor'
2022-02-26 21:12:21.270  INFO 44448 --- [Thread-34] o.s.s.concurrent.ThreadPoolTaskExecutor  : Shutting down ExecutorService 'clientInboundChannelExecutor'
2022-02-26 21:12:21.270  INFO 44448 --- [Thread-34] com.alibaba.druid.pool.DruidDataSource   : {dataSource-4} closed
2022-02-26 21:12:21.414  INFO 44448 --- [restartedMain] com.yep.server.TimRemakeApplication      : Starting TimRemakeApplication on XiaoHuangYa with PID 44448 (G:\workspace\workspace_myIdea\TimChatRemake\TimChatRemake-server\target\classes started by 28459 in G:\workspace\workspace_myIdea\TimChatRemake)
2022-02-26 21:12:21.415  INFO 44448 --- [restartedMain] com.yep.server.TimRemakeApplication      : No active profile set, falling back to default profiles: default
2022-02-26 21:12:21.722  INFO 44448 --- [restartedMain] o.s.b.w.embedded.tomcat.TomcatWebServer  : Tomcat initialized with port(s): 8082 (http)
2022-02-26 21:12:21.722  INFO 44448 --- [restartedMain] o.apache.catalina.core.StandardService   : Starting service [Tomcat]
2022-02-26 21:12:21.722  INFO 44448 --- [restartedMain] org.apache.catalina.core.StandardEngine  : Starting Servlet engine: [Apache Tomcat/9.0.39]
2022-02-26 21:12:21.749  INFO 44448 --- [restartedMain] o.a.c.c.C.[Tomcat].[localhost].[/]       : Initializing Spring embedded WebApplicationContext
2022-02-26 21:12:21.749  INFO 44448 --- [restartedMain] w.s.c.ServletWebServerApplicationContext : Root WebApplicationContext: initialization completed in 332 ms
2022-02-26 21:12:21.804  INFO 44448 --- [restartedMain] c.a.d.s.b.a.DruidDataSourceAutoConfigure : Init DruidDataSource
2022-02-26 21:12:21.826  INFO 44448 --- [restartedMain] com.alibaba.druid.pool.DruidDataSource   : {dataSource-5} inited
2022-02-26 21:12:21.845  WARN 44448 --- [restartedMain] c.b.m.core.injector.AbstractMethod       : [com.yep.server.mapper.GroupMsgContentMapper.insert] Has been loaded by XML or SqlProvider or Mybatis's Annotation, so ignoring this injection for [class com.baomidou.mybatisplus.core.injector.methods.Insert]
2022-02-26 21:12:22.822  INFO 44448 --- [restartedMain] o.s.s.concurrent.ThreadPoolTaskExecutor  : Initializing ExecutorService 'clientInboundChannelExecutor'
2022-02-26 21:12:22.823  INFO 44448 --- [restartedMain] o.s.s.concurrent.ThreadPoolTaskExecutor  : Initializing ExecutorService 'clientOutboundChannelExecutor'
2022-02-26 21:12:22.833  WARN 44448 --- [restartedMain] c.b.m.core.metadata.TableInfoHelper      : Can not find table primary key in Class: "com.yep.server.pojo.MailSendLog".
2022-02-26 21:12:22.833  WARN 44448 --- [restartedMain] c.b.m.core.injector.DefaultSqlInjector   : class com.yep.server.pojo.MailSendLog ,Not found @TableId annotation, Cannot use Mybatis-Plus 'xxById' Method.
2022-02-26 21:12:22.891  INFO 44448 --- [restartedMain] o.s.s.web.DefaultSecurityFilterChain     : Creating filter chain: Ant [pattern='/css/**'], []
2022-02-26 21:12:22.891  INFO 44448 --- [restartedMain] o.s.s.web.DefaultSecurityFilterChain     : Creating filter chain: Ant [pattern='/fonts/**'], []
2022-02-26 21:12:22.891  INFO 44448 --- [restartedMain] o.s.s.web.DefaultSecurityFilterChain     : Creating filter chain: Ant [pattern='/img/**'], []
2022-02-26 21:12:22.891  INFO 44448 --- [restartedMain] o.s.s.web.DefaultSecurityFilterChain     : Creating filter chain: Ant [pattern='/js/**'], []
2022-02-26 21:12:22.891  INFO 44448 --- [restartedMain] o.s.s.web.DefaultSecurityFilterChain     : Creating filter chain: Ant [pattern='/favicon.ico'], []
2022-02-26 21:12:22.891  INFO 44448 --- [restartedMain] o.s.s.web.DefaultSecurityFilterChain     : Creating filter chain: Ant [pattern='/index.html'], []
2022-02-26 21:12:22.891  INFO 44448 --- [restartedMain] o.s.s.web.DefaultSecurityFilterChain     : Creating filter chain: Ant [pattern='/admin/login'], []
2022-02-26 21:12:22.891  INFO 44448 --- [restartedMain] o.s.s.web.DefaultSecurityFilterChain     : Creating filter chain: Ant [pattern='/admin/mailVerifyCode'], []
2022-02-26 21:12:22.891  INFO 44448 --- [restartedMain] o.s.s.web.DefaultSecurityFilterChain     : Creating filter chain: Ant [pattern='/*.jpg'], []
2022-02-26 21:12:22.891  INFO 44448 --- [restartedMain] o.s.s.web.DefaultSecurityFilterChain     : Creating filter chain: Ant [pattern='/login'], []
2022-02-26 21:12:22.891  INFO 44448 --- [restartedMain] o.s.s.web.DefaultSecurityFilterChain     : Creating filter chain: Ant [pattern='/verifyCode'], []
2022-02-26 21:12:22.891  INFO 44448 --- [restartedMain] o.s.s.web.DefaultSecurityFilterChain     : Creating filter chain: Ant [pattern='/file'], []
2022-02-26 21:12:22.891  INFO 44448 --- [restartedMain] o.s.s.web.DefaultSecurityFilterChain     : Creating filter chain: Ant [pattern='/user/register'], []
2022-02-26 21:12:22.891  INFO 44448 --- [restartedMain] o.s.s.web.DefaultSecurityFilterChain     : Creating filter chain: Ant [pattern='/user/checkUsername'], []
2022-02-26 21:12:22.891  INFO 44448 --- [restartedMain] o.s.s.web.DefaultSecurityFilterChain     : Creating filter chain: Ant [pattern='/user/checkNickname'], []
2022-02-26 21:12:22.897  INFO 44448 --- [restartedMain] o.s.s.web.DefaultSecurityFilterChain     : Creating filter chain: Ant [pattern='/admin/**'], [org.springframework.security.web.context.request.async.WebAsyncManagerIntegrationFilter@18e43d7a, org.springframework.security.web.context.SecurityContextPersistenceFilter@47563dd2, org.springframework.security.web.header.HeaderWriterFilter@3490d6e2, org.springframework.security.web.authentication.logout.LogoutFilter@4caedf43, com.yep.server.filter.VerificationCodeFilter@6d078851, org.springframework.security.web.authentication.UsernamePasswordAuthenticationFilter@241fe15, org.springframework.security.web.savedrequest.RequestCacheAwareFilter@6d27e7aa, org.springframework.security.web.servletapi.SecurityContextHolderAwareRequestFilter@5fb21b2a, org.springframework.security.web.authentication.AnonymousAuthenticationFilter@7e6aab7a, org.springframework.security.web.session.SessionManagementFilter@4f654a56, org.springframework.security.web.access.ExceptionTranslationFilter@3453c10b, org.springframework.security.web.access.intercept.FilterSecurityInterceptor@2339db41]
2022-02-26 21:12:22.898  INFO 44448 --- [restartedMain] o.s.s.web.DefaultSecurityFilterChain     : Creating filter chain: any request, [org.springframework.security.web.context.request.async.WebAsyncManagerIntegrationFilter@18001254, org.springframework.security.web.context.SecurityContextPersistenceFilter@11a2e7d3, org.springframework.security.web.header.HeaderWriterFilter@35b480d1, org.springframework.security.web.authentication.logout.LogoutFilter@5d1d0912, com.yep.server.filter.VerificationCodeFilter@6d078851, org.springframework.security.web.authentication.UsernamePasswordAuthenticationFilter@474df163, org.springframework.security.web.savedrequest.RequestCacheAwareFilter@2d9209e1, org.springframework.security.web.servletapi.SecurityContextHolderAwareRequestFilter@3c31a68a, org.springframework.security.web.authentication.AnonymousAuthenticationFilter@4e93c3a3, org.springframework.security.web.session.SessionManagementFilter@1f1f09c3, org.springframework.security.web.access.ExceptionTranslationFilter@660b40f6, org.springframework.security.web.access.intercept.FilterSecurityInterceptor@7e9e37a8]
2022-02-26 21:12:22.900  INFO 44448 --- [restartedMain] o.s.s.c.ThreadPoolTaskScheduler          : Initializing ExecutorService 'messageBrokerTaskScheduler'
2022-02-26 21:12:22.904  INFO 44448 --- [restartedMain] o.s.s.concurrent.ThreadPoolTaskExecutor  : Initializing ExecutorService 'brokerChannelExecutor'
2022-02-26 21:12:22.974  INFO 44448 --- [restartedMain] o.s.b.d.a.OptionalLiveReloadServer       : LiveReload server is running on port 35729
2022-02-26 21:12:23.002  INFO 44448 --- [restartedMain] o.s.b.w.embedded.tomcat.TomcatWebServer  : Tomcat started on port(s): 8082 (http) with context path ''
2022-02-26 21:12:23.002  INFO 44448 --- [restartedMain] o.s.m.s.b.SimpleBrokerMessageHandler     : Starting...
2022-02-26 21:12:23.002  INFO 44448 --- [restartedMain] o.s.m.s.b.SimpleBrokerMessageHandler     : BrokerAvailabilityEvent[available=true, SimpleBrokerMessageHandler [DefaultSubscriptionRegistry[cache[0 destination(s)], registry[0 sessions]]]]
2022-02-26 21:12:23.003  INFO 44448 --- [restartedMain] o.s.m.s.b.SimpleBrokerMessageHandler     : Started.
2022-02-26 21:12:23.005  INFO 44448 --- [restartedMain] com.yep.server.TimRemakeApplication      : Started TimRemakeApplication in 1.617 seconds (JVM running for 590.44)
2022-02-26 21:12:23.006  INFO 44448 --- [restartedMain] .ConditionEvaluationDeltaLoggingListener : Condition evaluation unchanged
2022-02-26 21:12:25.397  INFO 44448 --- [http-nio-8082-exec-2] o.a.c.c.C.[Tomcat].[localhost].[/]       : Initializing Spring DispatcherServlet 'dispatcherServlet'
2022-02-26 21:12:25.398  INFO 44448 --- [http-nio-8082-exec-2] o.s.web.servlet.DispatcherServlet        : Initializing Servlet 'dispatcherServlet'
2022-02-26 21:12:25.401  INFO 44448 --- [http-nio-8082-exec-2] o.s.web.servlet.DispatcherServlet        : Completed initialization in 3 ms
2022-02-26 21:13:22.912  INFO 44448 --- [MessageBroker-1] o.s.w.s.c.WebSocketMessageBrokerStats    : WebSocketSession[0 current WS(0)-HttpStream(0)-HttpPoll(0), 0 total, 0 closed abnormally (0 connect failure, 0 send limit, 0 transport error)], stompSubProtocol[processed CONNECT(0)-CONNECTED(0)-DISCONNECT(0)], stompBrokerRelay[null], inboundChannel[pool size = 0, active threads = 0, queued tasks = 0, completed tasks = 0], outboundChannel[pool size = 0, active threads = 0, queued tasks = 0, completed tasks = 0], sockJsScheduler[pool size = 1, active threads = 1, queued tasks = 0, completed tasks = 0]
2022-02-26 21:15:32.522  INFO 44448 --- [Thread-39] o.s.m.s.b.SimpleBrokerMessageHandler     : Stopping...
2022-02-26 21:15:32.522  INFO 44448 --- [Thread-39] o.s.m.s.b.SimpleBrokerMessageHandler     : BrokerAvailabilityEvent[available=false, SimpleBrokerMessageHandler [DefaultSubscriptionRegistry[cache[0 destination(s)], registry[0 sessions]]]]
2022-02-26 21:15:32.522  INFO 44448 --- [Thread-39] o.s.m.s.b.SimpleBrokerMessageHandler     : Stopped.
2022-02-26 21:15:33.551  INFO 44448 --- [Thread-39] o.s.s.concurrent.ThreadPoolTaskExecutor  : Shutting down ExecutorService 'brokerChannelExecutor'
2022-02-26 21:15:33.551  INFO 44448 --- [Thread-39] o.s.s.c.ThreadPoolTaskScheduler          : Shutting down ExecutorService 'messageBrokerTaskScheduler'
2022-02-26 21:15:33.552  INFO 44448 --- [Thread-39] o.s.s.concurrent.ThreadPoolTaskExecutor  : Shutting down ExecutorService 'clientOutboundChannelExecutor'
2022-02-26 21:15:33.552  INFO 44448 --- [Thread-39] o.s.s.concurrent.ThreadPoolTaskExecutor  : Shutting down ExecutorService 'clientInboundChannelExecutor'
2022-02-26 21:15:33.552  INFO 44448 --- [Thread-39] com.alibaba.druid.pool.DruidDataSource   : {dataSource-5} closed
